mode: atomic
github.com/trustbloc/sidetree-go/pkg/batch/writer.go:91.81,93.16 2 17
github.com/trustbloc/sidetree-go/pkg/batch/writer.go:93.16,95.3 1 1
github.com/trustbloc/sidetree-go/pkg/batch/writer.go:97.2,98.29 2 16
github.com/trustbloc/sidetree-go/pkg/batch/writer.go:98.29,100.3 1 8
github.com/trustbloc/sidetree-go/pkg/batch/writer.go:102.2,103.32 2 16
github.com/trustbloc/sidetree-go/pkg/batch/writer.go:103.32,105.3 1 1
github.com/trustbloc/sidetree-go/pkg/batch/writer.go:107.2,116.8 1 16
github.com/trustbloc/sidetree-go/pkg/batch/writer.go:120.26,122.2 1 10
github.com/trustbloc/sidetree-go/pkg/batch/writer.go:125.25,126.52 1 12
github.com/trustbloc/sidetree-go/pkg/batch/writer.go:126.52,129.3 1 1
github.com/trustbloc/sidetree-go/pkg/batch/writer.go:131.2,131.9 1 11
github.com/trustbloc/sidetree-go/pkg/batch/writer.go:132.20,132.20 0 0
github.com/trustbloc/sidetree-go/pkg/batch/writer.go:134.10,135.20 1 11
github.com/trustbloc/sidetree-go/pkg/batch/writer.go:140.33,142.2 1 35
github.com/trustbloc/sidetree-go/pkg/batch/writer.go:145.83,146.17 1 33
github.com/trustbloc/sidetree-go/pkg/batch/writer.go:146.17,148.3 1 1
github.com/trustbloc/sidetree-go/pkg/batch/writer.go:150.2,151.16 2 32
github.com/trustbloc/sidetree-go/pkg/batch/writer.go:151.16,153.3 1 1
github.com/trustbloc/sidetree-go/pkg/batch/writer.go:155.2,155.12 1 31
github.com/trustbloc/sidetree-go/pkg/batch/writer.go:158.25,162.6 2 10
github.com/trustbloc/sidetree-go/pkg/batch/writer.go:162.6,163.10 1 51
github.com/trustbloc/sidetree-go/pkg/batch/writer.go:164.28,165.29 1 17
github.com/trustbloc/sidetree-go/pkg/batch/writer.go:167.33,168.28 1 24
github.com/trustbloc/sidetree-go/pkg/batch/writer.go:170.21,173.10 2 10
github.com/trustbloc/sidetree-go/pkg/batch/writer.go:178.55,181.16 2 51
github.com/trustbloc/sidetree-go/pkg/batch/writer.go:181.16,186.3 2 14
github.com/trustbloc/sidetree-go/pkg/batch/writer.go:188.2,188.31 1 37
github.com/trustbloc/sidetree-go/pkg/batch/writer.go:188.31,190.3 1 21
github.com/trustbloc/sidetree-go/pkg/batch/writer.go:192.2,196.16 3 16
github.com/trustbloc/sidetree-go/pkg/batch/writer.go:196.16,198.3 1 0
github.com/trustbloc/sidetree-go/pkg/batch/writer.go:198.8,200.3 1 16
github.com/trustbloc/sidetree-go/pkg/batch/writer.go:202.2,202.16 1 16
github.com/trustbloc/sidetree-go/pkg/batch/writer.go:206.52,207.6 1 51
github.com/trustbloc/sidetree-go/pkg/batch/writer.go:207.6,209.17 2 67
github.com/trustbloc/sidetree-go/pkg/batch/writer.go:209.17,213.4 2 14
github.com/trustbloc/sidetree-go/pkg/batch/writer.go:215.3,215.13 1 53
github.com/trustbloc/sidetree-go/pkg/batch/writer.go:215.13,217.4 1 37
github.com/trustbloc/sidetree-go/pkg/batch/writer.go:219.3,219.124 1 16
github.com/trustbloc/sidetree-go/pkg/batch/writer.go:223.91,225.16 2 83
github.com/trustbloc/sidetree-go/pkg/batch/writer.go:225.16,229.3 2 6
github.com/trustbloc/sidetree-go/pkg/batch/writer.go:231.2,231.33 1 77
github.com/trustbloc/sidetree-go/pkg/batch/writer.go:231.33,233.3 1 49
github.com/trustbloc/sidetree-go/pkg/batch/writer.go:235.2,239.16 3 28
github.com/trustbloc/sidetree-go/pkg/batch/writer.go:239.16,245.3 3 8
github.com/trustbloc/sidetree-go/pkg/batch/writer.go:247.2,254.45 4 20
github.com/trustbloc/sidetree-go/pkg/batch/writer.go:257.90,258.19 1 28
github.com/trustbloc/sidetree-go/pkg/batch/writer.go:258.19,260.3 1 0
github.com/trustbloc/sidetree-go/pkg/batch/writer.go:262.2,263.16 2 28
github.com/trustbloc/sidetree-go/pkg/batch/writer.go:263.16,265.3 1 0
github.com/trustbloc/sidetree-go/pkg/batch/writer.go:267.2,268.16 2 28
github.com/trustbloc/sidetree-go/pkg/batch/writer.go:268.16,270.3 1 4
github.com/trustbloc/sidetree-go/pkg/batch/writer.go:272.2,277.16 3 24
github.com/trustbloc/sidetree-go/pkg/batch/writer.go:277.16,279.3 1 4
github.com/trustbloc/sidetree-go/pkg/batch/writer.go:283.2,283.56 1 20
github.com/trustbloc/sidetree-go/pkg/batch/writer.go:283.56,284.48 1 1
github.com/trustbloc/sidetree-go/pkg/batch/writer.go:284.48,288.4 1 0
github.com/trustbloc/sidetree-go/pkg/batch/writer.go:291.2,291.12 1 20
github.com/trustbloc/sidetree-go/pkg/batch/writer.go:295.58,296.32 1 8
github.com/trustbloc/sidetree-go/pkg/batch/writer.go:296.32,300.3 2 8
github.com/trustbloc/sidetree-go/pkg/batch/writer.go:305.57,306.32 1 1
github.com/trustbloc/sidetree-go/pkg/batch/writer.go:306.32,310.3 2 1
github.com/trustbloc/sidetree-go/pkg/batch/writer.go:320.65,322.33 2 17
github.com/trustbloc/sidetree-go/pkg/batch/writer.go:322.33,324.17 2 10
github.com/trustbloc/sidetree-go/pkg/batch/writer.go:324.17,326.4 1 1
github.com/trustbloc/sidetree-go/pkg/batch/writer.go:329.2,329.19 1 16
github.com/trustbloc/sidetree-go/pkg/batch/cutter/cutter.go:61.69,66.2 1 1
github.com/trustbloc/sidetree-go/pkg/batch/cutter/cutter.go:70.96,73.2 1 6
github.com/trustbloc/sidetree-go/pkg/batch/cutter/cutter.go:80.55,84.16 3 9
github.com/trustbloc/sidetree-go/pkg/batch/cutter/cutter.go:84.16,86.3 1 1
github.com/trustbloc/sidetree-go/pkg/batch/cutter/cutter.go:88.2,89.47 2 8
github.com/trustbloc/sidetree-go/pkg/batch/cutter/cutter.go:89.47,91.3 1 3
github.com/trustbloc/sidetree-go/pkg/batch/cutter/cutter.go:93.2,95.16 3 5
github.com/trustbloc/sidetree-go/pkg/batch/cutter/cutter.go:95.16,97.3 1 0
github.com/trustbloc/sidetree-go/pkg/batch/cutter/cutter.go:99.2,103.20 3 5
github.com/trustbloc/sidetree-go/pkg/batch/cutter/cutter.go:103.20,105.3 1 1
github.com/trustbloc/sidetree-go/pkg/batch/cutter/cutter.go:107.2,113.16 4 4
github.com/trustbloc/sidetree-go/pkg/batch/cutter/cutter.go:113.16,115.3 1 0
github.com/trustbloc/sidetree-go/pkg/batch/cutter/cutter.go:117.2,123.8 1 4
github.com/trustbloc/sidetree-go/pkg/batch/cutter/cutter.go:127.122,131.31 3 5
github.com/trustbloc/sidetree-go/pkg/batch/cutter/cutter.go:131.31,132.27 1 9
github.com/trustbloc/sidetree-go/pkg/batch/cutter/cutter.go:132.27,134.4 1 4
github.com/trustbloc/sidetree-go/pkg/batch/cutter/cutter.go:136.3,136.44 1 9
github.com/trustbloc/sidetree-go/pkg/batch/cutter/cutter.go:136.44,142.9 2 1
github.com/trustbloc/sidetree-go/pkg/batch/cutter/cutter.go:145.3,153.4 1 8
github.com/trustbloc/sidetree-go/pkg/batch/cutter/cutter.go:156.2,156.29 1 5
github.com/trustbloc/sidetree-go/pkg/batch/cutter/cutter.go:159.26,160.11 1 5
github.com/trustbloc/sidetree-go/pkg/batch/cutter/cutter.go:160.11,162.3 1 4
github.com/trustbloc/sidetree-go/pkg/batch/cutter/cutter.go:164.2,164.10 1 1
github.com/trustbloc/sidetree-go/pkg/batch/opqueue/memqueue.go:22.95,32.2 4 3
github.com/trustbloc/sidetree-go/pkg/batch/opqueue/memqueue.go:35.77,40.22 4 4
github.com/trustbloc/sidetree-go/pkg/batch/opqueue/memqueue.go:40.22,42.3 1 2
github.com/trustbloc/sidetree-go/pkg/batch/opqueue/memqueue.go:44.2,44.26 1 4
github.com/trustbloc/sidetree-go/pkg/batch/opqueue/memqueue.go:48.122,53.22 4 3
github.com/trustbloc/sidetree-go/pkg/batch/opqueue/memqueue.go:53.22,55.3 1 2
github.com/trustbloc/sidetree-go/pkg/batch/opqueue/memqueue.go:57.2,61.15 3 3
github.com/trustbloc/sidetree-go/pkg/batch/opqueue/memqueue.go:61.15,66.4 3 2
github.com/trustbloc/sidetree-go/pkg/batch/opqueue/memqueue.go:67.15,73.4 3 1
github.com/trustbloc/sidetree-go/pkg/batch/opqueue/memqueue.go:77.31,82.2 3 4
github.com/trustbloc/sidetree-go/pkg/canonicalizer/canonicalizer.go:16.58,19.9 2 3
github.com/trustbloc/sidetree-go/pkg/canonicalizer/canonicalizer.go:19.9,23.17 3 2
github.com/trustbloc/sidetree-go/pkg/canonicalizer/canonicalizer.go:23.17,25.4 1 1
github.com/trustbloc/sidetree-go/pkg/canonicalizer/canonicalizer.go:28.2,28.48 1 2
github.com/trustbloc/sidetree-go/pkg/commitment/hash.go:24.70,26.16 2 4
github.com/trustbloc/sidetree-go/pkg/commitment/hash.go:26.16,28.3 1 1
github.com/trustbloc/sidetree-go/pkg/commitment/hash.go:30.2,33.16 3 3
github.com/trustbloc/sidetree-go/pkg/commitment/hash.go:33.16,35.3 1 1
github.com/trustbloc/sidetree-go/pkg/commitment/hash.go:37.2,38.16 2 2
github.com/trustbloc/sidetree-go/pkg/commitment/hash.go:38.16,40.3 1 0
github.com/trustbloc/sidetree-go/pkg/commitment/hash.go:42.2,43.16 2 2
github.com/trustbloc/sidetree-go/pkg/commitment/hash.go:43.16,45.3 1 0
github.com/trustbloc/sidetree-go/pkg/commitment/hash.go:47.2,47.47 1 2
github.com/trustbloc/sidetree-go/pkg/commitment/hash.go:51.71,53.16 2 3
github.com/trustbloc/sidetree-go/pkg/commitment/hash.go:53.16,55.3 1 1
github.com/trustbloc/sidetree-go/pkg/commitment/hash.go:57.2,57.16 1 2
github.com/trustbloc/sidetree-go/pkg/commitment/hash.go:61.62,63.16 2 2
github.com/trustbloc/sidetree-go/pkg/commitment/hash.go:63.16,65.3 1 1
github.com/trustbloc/sidetree-go/pkg/commitment/hash.go:67.2,68.16 2 1
github.com/trustbloc/sidetree-go/pkg/commitment/hash.go:68.16,70.3 1 0
github.com/trustbloc/sidetree-go/pkg/commitment/hash.go:72.2,72.47 1 1
github.com/trustbloc/sidetree-go/pkg/compression/registry.go:32.36,36.27 2 11
github.com/trustbloc/sidetree-go/pkg/compression/registry.go:36.27,38.3 1 9
github.com/trustbloc/sidetree-go/pkg/compression/registry.go:40.2,40.17 1 11
github.com/trustbloc/sidetree-go/pkg/compression/registry.go:44.70,47.16 2 4
github.com/trustbloc/sidetree-go/pkg/compression/registry.go:47.16,49.3 1 1
github.com/trustbloc/sidetree-go/pkg/compression/registry.go:52.2,53.16 2 3
github.com/trustbloc/sidetree-go/pkg/compression/registry.go:53.16,55.3 1 1
github.com/trustbloc/sidetree-go/pkg/compression/registry.go:57.2,57.20 1 2
github.com/trustbloc/sidetree-go/pkg/compression/registry.go:61.72,64.16 2 4
github.com/trustbloc/sidetree-go/pkg/compression/registry.go:64.16,66.3 1 1
github.com/trustbloc/sidetree-go/pkg/compression/registry.go:69.2,70.16 2 3
github.com/trustbloc/sidetree-go/pkg/compression/registry.go:70.16,72.3 1 1
github.com/trustbloc/sidetree-go/pkg/compression/registry.go:74.2,74.20 1 2
github.com/trustbloc/sidetree-go/pkg/compression/registry.go:78.34,79.33 1 2
github.com/trustbloc/sidetree-go/pkg/compression/registry.go:79.33,80.35 1 3
github.com/trustbloc/sidetree-go/pkg/compression/registry.go:80.35,82.4 1 1
github.com/trustbloc/sidetree-go/pkg/compression/registry.go:85.2,85.12 1 1
github.com/trustbloc/sidetree-go/pkg/compression/registry.go:88.68,89.33 1 8
github.com/trustbloc/sidetree-go/pkg/compression/registry.go:89.33,90.20 1 6
github.com/trustbloc/sidetree-go/pkg/compression/registry.go:90.20,92.4 1 6
github.com/trustbloc/sidetree-go/pkg/compression/registry.go:95.2,95.73 1 2
github.com/trustbloc/sidetree-go/pkg/compression/registry.go:99.42,100.30 1 8
github.com/trustbloc/sidetree-go/pkg/compression/registry.go:100.30,102.3 1 8
github.com/trustbloc/sidetree-go/pkg/compression/registry.go:106.37,107.30 1 1
github.com/trustbloc/sidetree-go/pkg/compression/registry.go:107.30,109.3 1 1
github.com/trustbloc/sidetree-go/pkg/compression/gzip/algorithm.go:23.23,25.2 1 6
github.com/trustbloc/sidetree-go/pkg/compression/gzip/algorithm.go:28.59,33.16 4 3
github.com/trustbloc/sidetree-go/pkg/compression/gzip/algorithm.go:33.16,35.3 1 0
github.com/trustbloc/sidetree-go/pkg/compression/gzip/algorithm.go:37.2,37.35 1 3
github.com/trustbloc/sidetree-go/pkg/compression/gzip/algorithm.go:37.35,39.3 1 0
github.com/trustbloc/sidetree-go/pkg/compression/gzip/algorithm.go:41.2,41.25 1 3
github.com/trustbloc/sidetree-go/pkg/compression/gzip/algorithm.go:45.61,49.16 3 3
github.com/trustbloc/sidetree-go/pkg/compression/gzip/algorithm.go:49.16,51.3 1 1
github.com/trustbloc/sidetree-go/pkg/compression/gzip/algorithm.go:53.2,54.16 2 2
github.com/trustbloc/sidetree-go/pkg/compression/gzip/algorithm.go:54.16,56.3 1 0
github.com/trustbloc/sidetree-go/pkg/compression/gzip/algorithm.go:58.2,58.35 1 2
github.com/trustbloc/sidetree-go/pkg/compression/gzip/algorithm.go:58.35,60.3 1 0
github.com/trustbloc/sidetree-go/pkg/compression/gzip/algorithm.go:62.2,62.21 1 2
github.com/trustbloc/sidetree-go/pkg/compression/gzip/algorithm.go:66.45,68.2 1 2
github.com/trustbloc/sidetree-go/pkg/compression/gzip/algorithm.go:71.35,74.2 1 1
github.com/trustbloc/sidetree-go/pkg/dochandler/handler.go:88.39,89.37 1 1
github.com/trustbloc/sidetree-go/pkg/dochandler/handler.go:89.37,91.3 1 1
github.com/trustbloc/sidetree-go/pkg/dochandler/handler.go:95.37,96.37 1 1
github.com/trustbloc/sidetree-go/pkg/dochandler/handler.go:96.37,98.3 1 1
github.com/trustbloc/sidetree-go/pkg/dochandler/handler.go:102.109,103.37 1 6
github.com/trustbloc/sidetree-go/pkg/dochandler/handler.go:103.37,106.3 2 6
github.com/trustbloc/sidetree-go/pkg/dochandler/handler.go:110.66,111.37 1 1
github.com/trustbloc/sidetree-go/pkg/dochandler/handler.go:111.37,113.3 1 1
github.com/trustbloc/sidetree-go/pkg/dochandler/handler.go:129.60,143.27 2 25
github.com/trustbloc/sidetree-go/pkg/dochandler/handler.go:143.27,145.3 1 9
github.com/trustbloc/sidetree-go/pkg/dochandler/handler.go:147.2,147.11 1 25
github.com/trustbloc/sidetree-go/pkg/dochandler/handler.go:151.46,153.2 1 2
github.com/trustbloc/sidetree-go/pkg/dochandler/handler.go:156.128,159.15 2 12
github.com/trustbloc/sidetree-go/pkg/dochandler/handler.go:159.15,161.3 1 12
github.com/trustbloc/sidetree-go/pkg/dochandler/handler.go:163.2,166.16 3 12
github.com/trustbloc/sidetree-go/pkg/dochandler/handler.go:166.16,168.3 1 1
github.com/trustbloc/sidetree-go/pkg/dochandler/handler.go:170.2,175.16 4 11
github.com/trustbloc/sidetree-go/pkg/dochandler/handler.go:175.16,177.3 1 1
github.com/trustbloc/sidetree-go/pkg/dochandler/handler.go:179.2,185.16 4 10
github.com/trustbloc/sidetree-go/pkg/dochandler/handler.go:185.16,187.3 1 1
github.com/trustbloc/sidetree-go/pkg/dochandler/handler.go:189.2,194.16 4 9
github.com/trustbloc/sidetree-go/pkg/dochandler/handler.go:194.16,196.3 1 2
github.com/trustbloc/sidetree-go/pkg/dochandler/handler.go:198.2,205.16 5 7
github.com/trustbloc/sidetree-go/pkg/dochandler/handler.go:205.16,207.3 1 1
github.com/trustbloc/sidetree-go/pkg/dochandler/handler.go:209.2,214.68 3 6
github.com/trustbloc/sidetree-go/pkg/dochandler/handler.go:214.68,220.3 3 1
github.com/trustbloc/sidetree-go/pkg/dochandler/handler.go:222.2,227.37 3 5
github.com/trustbloc/sidetree-go/pkg/dochandler/handler.go:227.37,229.3 1 2
github.com/trustbloc/sidetree-go/pkg/dochandler/handler.go:231.2,231.17 1 3
github.com/trustbloc/sidetree-go/pkg/dochandler/handler.go:234.126,235.53 1 7
github.com/trustbloc/sidetree-go/pkg/dochandler/handler.go:235.53,237.3 1 3
github.com/trustbloc/sidetree-go/pkg/dochandler/handler.go:239.2,246.3 1 4
github.com/trustbloc/sidetree-go/pkg/dochandler/handler.go:249.111,250.26 1 7
github.com/trustbloc/sidetree-go/pkg/dochandler/handler.go:250.26,253.3 1 3
github.com/trustbloc/sidetree-go/pkg/dochandler/handler.go:255.2,255.55 1 4
github.com/trustbloc/sidetree-go/pkg/dochandler/handler.go:258.110,259.26 1 2
github.com/trustbloc/sidetree-go/pkg/dochandler/handler.go:259.26,262.3 1 0
github.com/trustbloc/sidetree-go/pkg/dochandler/handler.go:264.2,265.16 2 2
github.com/trustbloc/sidetree-go/pkg/dochandler/handler.go:265.16,267.3 1 1
github.com/trustbloc/sidetree-go/pkg/dochandler/handler.go:270.67,271.27 1 7
github.com/trustbloc/sidetree-go/pkg/dochandler/handler.go:271.27,272.17 1 5
github.com/trustbloc/sidetree-go/pkg/dochandler/handler.go:272.17,274.4 1 4
github.com/trustbloc/sidetree-go/pkg/dochandler/handler.go:277.2,277.14 1 3
github.com/trustbloc/sidetree-go/pkg/dochandler/handler.go:280.103,293.16 4 10
github.com/trustbloc/sidetree-go/pkg/dochandler/handler.go:293.16,295.3 1 0
github.com/trustbloc/sidetree-go/pkg/dochandler/handler.go:298.2,298.37 1 10
github.com/trustbloc/sidetree-go/pkg/dochandler/handler.go:298.37,300.3 1 1
github.com/trustbloc/sidetree-go/pkg/dochandler/handler.go:302.2,302.16 1 9
github.com/trustbloc/sidetree-go/pkg/dochandler/handler.go:305.127,308.15 2 2
github.com/trustbloc/sidetree-go/pkg/dochandler/handler.go:308.15,310.3 1 2
github.com/trustbloc/sidetree-go/pkg/dochandler/handler.go:312.2,313.16 2 2
github.com/trustbloc/sidetree-go/pkg/dochandler/handler.go:313.16,315.3 1 0
github.com/trustbloc/sidetree-go/pkg/dochandler/handler.go:317.2,319.59 2 2
github.com/trustbloc/sidetree-go/pkg/dochandler/handler.go:323.129,330.17 4 8
github.com/trustbloc/sidetree-go/pkg/dochandler/handler.go:330.17,332.3 1 2
github.com/trustbloc/sidetree-go/pkg/dochandler/handler.go:334.2,336.28 2 8
github.com/trustbloc/sidetree-go/pkg/dochandler/handler.go:336.28,339.3 1 4
github.com/trustbloc/sidetree-go/pkg/dochandler/handler.go:342.2,342.33 1 8
github.com/trustbloc/sidetree-go/pkg/dochandler/handler.go:342.33,344.39 2 2
github.com/trustbloc/sidetree-go/pkg/dochandler/handler.go:344.39,346.4 1 2
github.com/trustbloc/sidetree-go/pkg/dochandler/handler.go:348.3,348.54 1 2
github.com/trustbloc/sidetree-go/pkg/dochandler/handler.go:351.2,351.28 1 8
github.com/trustbloc/sidetree-go/pkg/dochandler/handler.go:351.28,353.3 1 5
github.com/trustbloc/sidetree-go/pkg/dochandler/handler.go:355.2,355.28 1 8
github.com/trustbloc/sidetree-go/pkg/dochandler/handler.go:355.28,357.3 1 4
github.com/trustbloc/sidetree-go/pkg/dochandler/handler.go:359.2,361.11 2 8
github.com/trustbloc/sidetree-go/pkg/dochandler/handler.go:376.73,378.16 2 17
github.com/trustbloc/sidetree-go/pkg/dochandler/handler.go:378.16,380.3 1 1
github.com/trustbloc/sidetree-go/pkg/dochandler/handler.go:382.2,383.16 2 16
github.com/trustbloc/sidetree-go/pkg/dochandler/handler.go:383.16,385.3 1 1
github.com/trustbloc/sidetree-go/pkg/dochandler/handler.go:388.2,389.16 2 15
github.com/trustbloc/sidetree-go/pkg/dochandler/handler.go:389.16,391.3 1 1
github.com/trustbloc/sidetree-go/pkg/dochandler/handler.go:393.2,394.16 2 14
github.com/trustbloc/sidetree-go/pkg/dochandler/handler.go:394.16,396.3 1 1
github.com/trustbloc/sidetree-go/pkg/dochandler/handler.go:399.2,400.16 2 13
github.com/trustbloc/sidetree-go/pkg/dochandler/handler.go:400.16,402.3 1 5
github.com/trustbloc/sidetree-go/pkg/dochandler/handler.go:405.2,405.68 1 8
github.com/trustbloc/sidetree-go/pkg/dochandler/handler.go:405.68,407.3 1 7
github.com/trustbloc/sidetree-go/pkg/dochandler/handler.go:409.2,409.17 1 1
github.com/trustbloc/sidetree-go/pkg/dochandler/handler.go:412.83,414.31 1 17
github.com/trustbloc/sidetree-go/pkg/dochandler/handler.go:414.31,415.75 1 17
github.com/trustbloc/sidetree-go/pkg/dochandler/handler.go:415.75,417.4 1 1
github.com/trustbloc/sidetree-go/pkg/dochandler/handler.go:421.2,421.83 1 16
github.com/trustbloc/sidetree-go/pkg/dochandler/handler.go:421.83,423.3 1 15
github.com/trustbloc/sidetree-go/pkg/dochandler/handler.go:425.2,425.108 1 1
github.com/trustbloc/sidetree-go/pkg/dochandler/handler.go:429.73,431.16 2 13
github.com/trustbloc/sidetree-go/pkg/dochandler/handler.go:431.16,435.3 2 8
github.com/trustbloc/sidetree-go/pkg/dochandler/handler.go:437.2,439.50 2 5
github.com/trustbloc/sidetree-go/pkg/dochandler/handler.go:439.50,441.17 2 2
github.com/trustbloc/sidetree-go/pkg/dochandler/handler.go:441.17,443.4 1 0
github.com/trustbloc/sidetree-go/pkg/dochandler/handler.go:445.3,445.91 1 2
github.com/trustbloc/sidetree-go/pkg/dochandler/handler.go:446.8,448.3 1 3
github.com/trustbloc/sidetree-go/pkg/dochandler/handler.go:450.2,450.71 1 5
github.com/trustbloc/sidetree-go/pkg/dochandler/handler.go:454.60,456.21 2 5
github.com/trustbloc/sidetree-go/pkg/dochandler/handler.go:456.21,458.3 1 1
github.com/trustbloc/sidetree-go/pkg/dochandler/handler.go:460.2,460.36 1 4
github.com/trustbloc/sidetree-go/pkg/dochandler/handler.go:460.36,462.3 1 3
github.com/trustbloc/sidetree-go/pkg/dochandler/handler.go:464.2,466.18 2 1
github.com/trustbloc/sidetree-go/pkg/dochandler/handler.go:471.72,477.45 5 3
github.com/trustbloc/sidetree-go/pkg/dochandler/handler.go:477.45,479.3 1 1
github.com/trustbloc/sidetree-go/pkg/dochandler/handler.go:481.2,488.50 4 3
github.com/trustbloc/sidetree-go/pkg/dochandler/handler.go:488.50,489.61 1 1
github.com/trustbloc/sidetree-go/pkg/dochandler/handler.go:489.61,492.4 2 2
github.com/trustbloc/sidetree-go/pkg/dochandler/handler.go:496.2,498.11 2 3
github.com/trustbloc/sidetree-go/pkg/dochandler/handler.go:502.59,504.16 2 7
github.com/trustbloc/sidetree-go/pkg/dochandler/handler.go:504.16,506.3 1 1
github.com/trustbloc/sidetree-go/pkg/dochandler/handler.go:508.2,508.37 1 6
github.com/trustbloc/sidetree-go/pkg/dochandler/handler.go:508.37,510.3 1 1
github.com/trustbloc/sidetree-go/pkg/dochandler/handler.go:512.2,513.16 2 5
github.com/trustbloc/sidetree-go/pkg/dochandler/handler.go:513.16,515.3 1 0
github.com/trustbloc/sidetree-go/pkg/dochandler/handler.go:517.2,518.16 2 5
github.com/trustbloc/sidetree-go/pkg/dochandler/handler.go:518.16,520.3 1 0
github.com/trustbloc/sidetree-go/pkg/dochandler/handler.go:522.2,523.16 2 5
github.com/trustbloc/sidetree-go/pkg/dochandler/handler.go:523.16,525.3 1 1
github.com/trustbloc/sidetree-go/pkg/dochandler/handler.go:527.2,532.16 4 4
github.com/trustbloc/sidetree-go/pkg/dochandler/handler.go:532.16,534.3 1 1
github.com/trustbloc/sidetree-go/pkg/dochandler/handler.go:536.2,536.28 1 3
github.com/trustbloc/sidetree-go/pkg/dochandler/handler.go:540.89,550.2 1 6
github.com/trustbloc/sidetree-go/pkg/dochandler/handler.go:552.97,553.37 1 10
github.com/trustbloc/sidetree-go/pkg/dochandler/handler.go:553.37,555.3 1 3
github.com/trustbloc/sidetree-go/pkg/dochandler/handler.go:557.2,557.67 1 7
github.com/trustbloc/sidetree-go/pkg/dochandler/handler.go:560.102,562.16 2 3
github.com/trustbloc/sidetree-go/pkg/dochandler/handler.go:562.16,564.3 1 1
github.com/trustbloc/sidetree-go/pkg/dochandler/handler.go:566.2,567.16 2 2
github.com/trustbloc/sidetree-go/pkg/dochandler/handler.go:567.16,569.3 1 0
github.com/trustbloc/sidetree-go/pkg/dochandler/handler.go:571.2,571.65 1 2
github.com/trustbloc/sidetree-go/pkg/dochandler/handler.go:575.64,578.15 3 17
github.com/trustbloc/sidetree-go/pkg/dochandler/handler.go:578.15,580.3 1 1
github.com/trustbloc/sidetree-go/pkg/dochandler/handler.go:582.2,585.38 3 16
github.com/trustbloc/sidetree-go/pkg/dochandler/handler.go:585.38,587.3 1 2
github.com/trustbloc/sidetree-go/pkg/dochandler/handler.go:589.2,589.40 1 14
github.com/trustbloc/sidetree-go/pkg/dochandler/handler.go:595.80,597.2 1 1
github.com/trustbloc/sidetree-go/pkg/dochandler/handler.go:599.83,601.2 1 1
github.com/trustbloc/sidetree-go/pkg/dochandler/handler.go:607.101,608.37 1 13
github.com/trustbloc/sidetree-go/pkg/dochandler/handler.go:608.37,610.17 2 10
github.com/trustbloc/sidetree-go/pkg/dochandler/handler.go:610.17,615.4 2 3
github.com/trustbloc/sidetree-go/pkg/dochandler/handler.go:617.3,620.33 2 7
github.com/trustbloc/sidetree-go/pkg/dochandler/handler.go:620.33,622.4 1 1
github.com/trustbloc/sidetree-go/pkg/dochandler/handler.go:624.3,624.77 1 6
github.com/trustbloc/sidetree-go/pkg/dochandler/handler.go:624.77,626.4 1 6
github.com/trustbloc/sidetree-go/pkg/dochandler/handler.go:629.2,629.16 1 9
github.com/trustbloc/sidetree-go/pkg/document/diddocument.go:51.36,53.2 1 2
github.com/trustbloc/sidetree-go/pkg/document/diddocument.go:56.48,58.2 1 1
github.com/trustbloc/sidetree-go/pkg/document/diddocument.go:61.49,63.2 1 3
github.com/trustbloc/sidetree-go/pkg/document/diddocument.go:66.58,68.2 1 1
github.com/trustbloc/sidetree-go/pkg/document/diddocument.go:71.47,73.2 1 2
github.com/trustbloc/sidetree-go/pkg/document/diddocument.go:76.53,77.18 1 8
github.com/trustbloc/sidetree-go/pkg/document/diddocument.go:77.18,79.3 1 1
github.com/trustbloc/sidetree-go/pkg/document/diddocument.go:81.2,82.9 2 7
github.com/trustbloc/sidetree-go/pkg/document/diddocument.go:82.9,84.3 1 1
github.com/trustbloc/sidetree-go/pkg/document/diddocument.go:86.2,87.31 2 6
github.com/trustbloc/sidetree-go/pkg/document/diddocument.go:87.31,89.10 2 6
github.com/trustbloc/sidetree-go/pkg/document/diddocument.go:89.10,90.12 1 0
github.com/trustbloc/sidetree-go/pkg/document/diddocument.go:92.3,92.46 1 6
github.com/trustbloc/sidetree-go/pkg/document/diddocument.go:95.2,95.15 1 6
github.com/trustbloc/sidetree-go/pkg/document/diddocument.go:99.45,101.2 1 3
github.com/trustbloc/sidetree-go/pkg/document/diddocument.go:104.49,105.18 1 4
github.com/trustbloc/sidetree-go/pkg/document/diddocument.go:105.18,107.3 1 1
github.com/trustbloc/sidetree-go/pkg/document/diddocument.go:109.2,110.9 2 3
github.com/trustbloc/sidetree-go/pkg/document/diddocument.go:110.9,112.3 1 1
github.com/trustbloc/sidetree-go/pkg/document/diddocument.go:114.2,115.31 2 2
github.com/trustbloc/sidetree-go/pkg/document/diddocument.go:115.31,117.10 2 2
github.com/trustbloc/sidetree-go/pkg/document/diddocument.go:117.10,118.12 1 0
github.com/trustbloc/sidetree-go/pkg/document/diddocument.go:120.3,120.44 1 2
github.com/trustbloc/sidetree-go/pkg/document/diddocument.go:123.2,123.15 1 2
github.com/trustbloc/sidetree-go/pkg/document/diddocument.go:127.62,129.2 1 2
github.com/trustbloc/sidetree-go/pkg/document/diddocument.go:132.56,134.2 1 2
github.com/trustbloc/sidetree-go/pkg/document/diddocument.go:137.57,139.2 1 1
github.com/trustbloc/sidetree-go/pkg/document/diddocument.go:142.54,144.2 1 1
github.com/trustbloc/sidetree-go/pkg/document/diddocument.go:147.55,149.2 1 1
github.com/trustbloc/sidetree-go/pkg/document/diddocument.go:152.55,154.2 1 1
github.com/trustbloc/sidetree-go/pkg/document/diddocument.go:157.62,159.16 2 3
github.com/trustbloc/sidetree-go/pkg/document/diddocument.go:159.16,161.3 1 0
github.com/trustbloc/sidetree-go/pkg/document/diddocument.go:163.2,163.35 1 3
github.com/trustbloc/sidetree-go/pkg/document/diddocument.go:167.61,170.16 3 4
github.com/trustbloc/sidetree-go/pkg/document/diddocument.go:170.16,172.3 1 0
github.com/trustbloc/sidetree-go/pkg/document/diddocument.go:174.2,174.17 1 4
github.com/trustbloc/sidetree-go/pkg/document/diddocument.go:178.83,180.2 1 1
github.com/trustbloc/sidetree-go/pkg/document/diddocument.go:182.54,183.18 1 8
github.com/trustbloc/sidetree-go/pkg/document/diddocument.go:183.18,185.3 1 7
github.com/trustbloc/sidetree-go/pkg/document/diddocument.go:187.2,188.9 2 1
github.com/trustbloc/sidetree-go/pkg/document/diddocument.go:188.9,190.3 1 0
github.com/trustbloc/sidetree-go/pkg/document/diddocument.go:192.2,192.16 1 1
github.com/trustbloc/sidetree-go/pkg/document/document.go:22.47,25.16 3 2
github.com/trustbloc/sidetree-go/pkg/document/document.go:25.16,27.3 1 1
github.com/trustbloc/sidetree-go/pkg/document/document.go:29.2,29.17 1 1
github.com/trustbloc/sidetree-go/pkg/document/document.go:33.69,35.2 1 1
github.com/trustbloc/sidetree-go/pkg/document/document.go:38.33,40.2 1 3
github.com/trustbloc/sidetree-go/pkg/document/document.go:43.45,45.2 1 1
github.com/trustbloc/sidetree-go/pkg/document/document.go:48.46,50.2 1 1
github.com/trustbloc/sidetree-go/pkg/document/document.go:53.55,55.2 1 2
github.com/trustbloc/sidetree-go/pkg/document/document.go:58.45,60.2 1 2
github.com/trustbloc/sidetree-go/pkg/document/document.go:63.59,65.2 1 1
github.com/trustbloc/sidetree-go/pkg/document/document.go:67.44,68.18 1 38
github.com/trustbloc/sidetree-go/pkg/document/document.go:68.18,70.3 1 15
github.com/trustbloc/sidetree-go/pkg/document/document.go:71.2,72.9 2 23
github.com/trustbloc/sidetree-go/pkg/document/document.go:72.9,74.3 1 2
github.com/trustbloc/sidetree-go/pkg/document/document.go:76.2,76.11 1 21
github.com/trustbloc/sidetree-go/pkg/document/document.go:80.46,81.18 1 5
github.com/trustbloc/sidetree-go/pkg/document/document.go:81.18,83.3 1 2
github.com/trustbloc/sidetree-go/pkg/document/document.go:85.2,86.9 2 3
github.com/trustbloc/sidetree-go/pkg/document/document.go:86.9,88.3 1 1
github.com/trustbloc/sidetree-go/pkg/document/document.go:90.2,91.28 2 2
github.com/trustbloc/sidetree-go/pkg/document/document.go:91.28,93.10 2 2
github.com/trustbloc/sidetree-go/pkg/document/document.go:93.10,94.12 1 0
github.com/trustbloc/sidetree-go/pkg/document/document.go:97.3,97.31 1 2
github.com/trustbloc/sidetree-go/pkg/document/document.go:100.2,100.15 1 2
github.com/trustbloc/sidetree-go/pkg/document/jwk.go:15.45,17.2 1 3
github.com/trustbloc/sidetree-go/pkg/document/jwk.go:20.29,22.2 1 5
github.com/trustbloc/sidetree-go/pkg/document/jwk.go:25.29,27.2 1 6
github.com/trustbloc/sidetree-go/pkg/document/jwk.go:30.27,32.2 1 3
github.com/trustbloc/sidetree-go/pkg/document/jwk.go:35.27,37.2 1 4
github.com/trustbloc/sidetree-go/pkg/document/jwk.go:40.33,44.21 1 3
github.com/trustbloc/sidetree-go/pkg/document/jwk.go:44.21,46.3 1 1
github.com/trustbloc/sidetree-go/pkg/document/jwk.go:48.2,48.21 1 2
github.com/trustbloc/sidetree-go/pkg/document/jwk.go:48.21,50.3 1 1
github.com/trustbloc/sidetree-go/pkg/document/jwk.go:52.2,52.19 1 1
github.com/trustbloc/sidetree-go/pkg/document/jwk.go:52.19,54.3 1 1
github.com/trustbloc/sidetree-go/pkg/document/jwk.go:56.2,56.12 1 0
github.com/trustbloc/sidetree-go/pkg/document/publickey.go:50.56,52.2 1 10
github.com/trustbloc/sidetree-go/pkg/document/publickey.go:55.33,57.2 1 2
github.com/trustbloc/sidetree-go/pkg/document/publickey.go:60.35,62.2 1 2
github.com/trustbloc/sidetree-go/pkg/document/publickey.go:65.41,67.2 1 2
github.com/trustbloc/sidetree-go/pkg/document/publickey.go:70.40,72.9 2 3
github.com/trustbloc/sidetree-go/pkg/document/publickey.go:72.9,74.3 1 1
github.com/trustbloc/sidetree-go/pkg/document/publickey.go:76.2,77.9 2 2
github.com/trustbloc/sidetree-go/pkg/document/publickey.go:77.9,79.3 1 1
github.com/trustbloc/sidetree-go/pkg/document/publickey.go:81.2,81.21 1 1
github.com/trustbloc/sidetree-go/pkg/document/publickey.go:85.46,87.2 1 1
github.com/trustbloc/sidetree-go/pkg/document/publickey.go:90.49,92.2 1 1
github.com/trustbloc/sidetree-go/pkg/document/publickey.go:95.40,97.2 1 1
github.com/trustbloc/sidetree-go/pkg/document/publickey.go:100.59,102.2 1 1
github.com/trustbloc/sidetree-go/pkg/document/replace.go:26.69,29.16 3 2
github.com/trustbloc/sidetree-go/pkg/document/replace.go:29.16,31.3 1 1
github.com/trustbloc/sidetree-go/pkg/document/replace.go:33.2,33.17 1 1
github.com/trustbloc/sidetree-go/pkg/document/replace.go:37.91,39.2 1 1
github.com/trustbloc/sidetree-go/pkg/document/replace.go:42.53,44.2 1 3
github.com/trustbloc/sidetree-go/pkg/document/replace.go:47.49,49.2 1 1
github.com/trustbloc/sidetree-go/pkg/document/replace.go:52.66,54.2 1 1
github.com/trustbloc/sidetree-go/pkg/document/resolution.go:73.101,74.39 1 1
github.com/trustbloc/sidetree-go/pkg/document/resolution.go:74.39,75.36 1 1
github.com/trustbloc/sidetree-go/pkg/document/resolution.go:75.36,77.4 1 1
github.com/trustbloc/sidetree-go/pkg/document/resolution.go:82.55,83.39 1 1
github.com/trustbloc/sidetree-go/pkg/document/resolution.go:83.39,85.3 1 1
github.com/trustbloc/sidetree-go/pkg/document/resolution.go:89.59,90.39 1 1
github.com/trustbloc/sidetree-go/pkg/document/resolution.go:90.39,92.3 1 1
github.com/trustbloc/sidetree-go/pkg/document/resolution.go:96.80,99.30 2 1
github.com/trustbloc/sidetree-go/pkg/document/resolution.go:99.30,100.20 1 3
github.com/trustbloc/sidetree-go/pkg/document/resolution.go:100.20,102.4 1 3
github.com/trustbloc/sidetree-go/pkg/document/resolution.go:105.2,105.21 1 1
github.com/trustbloc/sidetree-go/pkg/document/service.go:16.51,18.2 1 4
github.com/trustbloc/sidetree-go/pkg/document/service.go:21.30,23.2 1 1
github.com/trustbloc/sidetree-go/pkg/document/service.go:26.32,28.2 1 2
github.com/trustbloc/sidetree-go/pkg/document/service.go:31.48,33.2 1 1
github.com/trustbloc/sidetree-go/pkg/document/service.go:36.56,38.2 1 1
github.com/trustbloc/sidetree-go/pkg/docutil/doc.go:21.106,23.16 2 4
github.com/trustbloc/sidetree-go/pkg/docutil/doc.go:23.16,25.3 1 3
github.com/trustbloc/sidetree-go/pkg/docutil/doc.go:27.2,29.19 2 1
github.com/trustbloc/sidetree-go/pkg/docutil/doc.go:33.52,35.15 2 2
github.com/trustbloc/sidetree-go/pkg/docutil/doc.go:35.15,37.3 1 1
github.com/trustbloc/sidetree-go/pkg/docutil/doc.go:39.2,39.23 1 1
github.com/trustbloc/sidetree-go/pkg/docutil/json.go:15.54,17.16 2 8
github.com/trustbloc/sidetree-go/pkg/docutil/json.go:17.16,19.3 1 0
github.com/trustbloc/sidetree-go/pkg/docutil/json.go:21.2,21.31 1 8
github.com/trustbloc/sidetree-go/pkg/docutil/json.go:27.83,29.16 2 2
github.com/trustbloc/sidetree-go/pkg/docutil/json.go:29.16,31.3 1 1
github.com/trustbloc/sidetree-go/pkg/docutil/json.go:32.2,34.16 3 1
github.com/trustbloc/sidetree-go/pkg/docutil/json.go:34.16,36.3 1 0
github.com/trustbloc/sidetree-go/pkg/docutil/json.go:38.2,38.25 1 1
github.com/trustbloc/sidetree-go/pkg/docutil/json.go:42.58,44.16 2 13
github.com/trustbloc/sidetree-go/pkg/docutil/json.go:44.16,46.15 2 6
github.com/trustbloc/sidetree-go/pkg/docutil/json.go:46.15,48.4 1 2
github.com/trustbloc/sidetree-go/pkg/docutil/json.go:51.3,52.15 2 4
github.com/trustbloc/sidetree-go/pkg/docutil/json.go:52.15,54.4 1 1
github.com/trustbloc/sidetree-go/pkg/docutil/json.go:56.3,56.21 1 3
github.com/trustbloc/sidetree-go/pkg/docutil/json.go:60.2,61.16 2 7
github.com/trustbloc/sidetree-go/pkg/docutil/json.go:61.16,63.3 1 3
github.com/trustbloc/sidetree-go/pkg/docutil/json.go:65.2,65.20 1 4
github.com/trustbloc/sidetree-go/pkg/docutil/json.go:69.69,71.2 1 4
github.com/trustbloc/sidetree-go/pkg/docutil/json.go:74.75,77.16 3 12
github.com/trustbloc/sidetree-go/pkg/docutil/json.go:77.16,79.3 1 5
github.com/trustbloc/sidetree-go/pkg/docutil/json.go:81.2,81.15 1 7
github.com/trustbloc/sidetree-go/pkg/docutil/json.go:85.79,88.16 3 5
github.com/trustbloc/sidetree-go/pkg/docutil/json.go:88.16,90.3 1 1
github.com/trustbloc/sidetree-go/pkg/docutil/json.go:92.2,92.15 1 4
github.com/trustbloc/sidetree-go/pkg/docutil/json.go:96.73,98.2 1 3
github.com/trustbloc/sidetree-go/pkg/docutil/test_exports.go:13.88,17.16 3 3
github.com/trustbloc/sidetree-go/pkg/docutil/test_exports.go:17.16,19.3 1 3
github.com/trustbloc/sidetree-go/pkg/docutil/test_exports.go:24.96,28.16 3 1
github.com/trustbloc/sidetree-go/pkg/docutil/test_exports.go:28.16,30.3 1 1
github.com/trustbloc/sidetree-go/pkg/docutil/test_exports.go:35.95,39.16 3 1
github.com/trustbloc/sidetree-go/pkg/docutil/test_exports.go:39.16,41.3 1 1
github.com/trustbloc/sidetree-go/pkg/docutil/test_exports.go:46.103,50.16 3 1
github.com/trustbloc/sidetree-go/pkg/docutil/test_exports.go:50.16,52.3 1 1
github.com/trustbloc/sidetree-go/pkg/encoder/encoder.go:12.41,14.2 1 1
github.com/trustbloc/sidetree-go/pkg/encoder/encoder.go:17.58,19.2 1 1
github.com/trustbloc/sidetree-go/pkg/hashing/hash.go:21.73,23.16 2 13
github.com/trustbloc/sidetree-go/pkg/hashing/hash.go:23.16,25.3 1 2
github.com/trustbloc/sidetree-go/pkg/hashing/hash.go:27.2,28.16 2 11
github.com/trustbloc/sidetree-go/pkg/hashing/hash.go:28.16,30.3 1 0
github.com/trustbloc/sidetree-go/pkg/hashing/hash.go:32.2,32.61 1 11
github.com/trustbloc/sidetree-go/pkg/hashing/hash.go:36.74,37.23 1 15
github.com/trustbloc/sidetree-go/pkg/hashing/hash.go:38.26,39.20 1 11
github.com/trustbloc/sidetree-go/pkg/hashing/hash.go:40.26,41.20 1 1
github.com/trustbloc/sidetree-go/pkg/hashing/hash.go:42.10,43.70 1 3
github.com/trustbloc/sidetree-go/pkg/hashing/hash.go:46.2,46.15 1 15
github.com/trustbloc/sidetree-go/pkg/hashing/hash.go:50.57,52.16 2 3
github.com/trustbloc/sidetree-go/pkg/hashing/hash.go:52.16,54.3 1 2
github.com/trustbloc/sidetree-go/pkg/hashing/hash.go:56.2,56.34 1 1
github.com/trustbloc/sidetree-go/pkg/hashing/hash.go:60.85,62.16 2 3
github.com/trustbloc/sidetree-go/pkg/hashing/hash.go:62.16,64.3 1 1
github.com/trustbloc/sidetree-go/pkg/hashing/hash.go:66.2,66.34 1 2
github.com/trustbloc/sidetree-go/pkg/hashing/hash.go:66.34,67.34 1 2
github.com/trustbloc/sidetree-go/pkg/hashing/hash.go:67.34,69.4 1 1
github.com/trustbloc/sidetree-go/pkg/hashing/hash.go:72.2,72.14 1 1
github.com/trustbloc/sidetree-go/pkg/hashing/hash.go:76.64,78.16 2 10
github.com/trustbloc/sidetree-go/pkg/hashing/hash.go:78.16,80.3 1 4
github.com/trustbloc/sidetree-go/pkg/hashing/hash.go:82.2,82.21 1 6
github.com/trustbloc/sidetree-go/pkg/hashing/hash.go:86.81,88.16 2 10
github.com/trustbloc/sidetree-go/pkg/hashing/hash.go:88.16,90.3 1 2
github.com/trustbloc/sidetree-go/pkg/hashing/hash.go:92.2,92.41 1 8
github.com/trustbloc/sidetree-go/pkg/hashing/hash.go:96.76,98.16 2 4
github.com/trustbloc/sidetree-go/pkg/hashing/hash.go:98.16,100.3 1 1
github.com/trustbloc/sidetree-go/pkg/hashing/hash.go:102.2,103.16 2 3
github.com/trustbloc/sidetree-go/pkg/hashing/hash.go:103.16,105.3 1 1
github.com/trustbloc/sidetree-go/pkg/hashing/hash.go:107.2,107.48 1 2
github.com/trustbloc/sidetree-go/pkg/hashing/hash.go:107.48,109.3 1 1
github.com/trustbloc/sidetree-go/pkg/hashing/hash.go:111.2,111.12 1 1
github.com/trustbloc/sidetree-go/pkg/hashing/hash.go:115.75,117.16 2 8
github.com/trustbloc/sidetree-go/pkg/hashing/hash.go:117.16,119.3 1 2
github.com/trustbloc/sidetree-go/pkg/hashing/hash.go:121.2,122.16 2 6
github.com/trustbloc/sidetree-go/pkg/hashing/hash.go:122.16,124.3 1 1
github.com/trustbloc/sidetree-go/pkg/hashing/hash.go:126.2,126.52 1 5
github.com/trustbloc/sidetree-go/pkg/hashing/hash.go:130.61,131.23 1 13
github.com/trustbloc/sidetree-go/pkg/hashing/hash.go:131.23,133.3 1 1
github.com/trustbloc/sidetree-go/pkg/hashing/hash.go:135.2,137.49 2 12
github.com/trustbloc/sidetree-go/pkg/hashing/hash.go:137.49,139.3 1 0
github.com/trustbloc/sidetree-go/pkg/hashing/hash.go:141.2,143.20 2 12
github.com/trustbloc/sidetree-go/pkg/internal/jws/jwk.go:41.48,42.31 1 6
github.com/trustbloc/sidetree-go/pkg/internal/jws/jwk.go:42.31,46.10 3 2
github.com/trustbloc/sidetree-go/pkg/internal/jws/jwk.go:46.10,48.4 1 1
github.com/trustbloc/sidetree-go/pkg/internal/jws/jwk.go:50.3,56.43 2 2
github.com/trustbloc/sidetree-go/pkg/internal/jws/jwk.go:59.2,59.41 1 4
github.com/trustbloc/sidetree-go/pkg/internal/jws/jwk.go:60.43,62.17 2 3
github.com/trustbloc/sidetree-go/pkg/internal/jws/jwk.go:62.17,64.4 1 1
github.com/trustbloc/sidetree-go/pkg/internal/jws/jwk.go:66.3,66.24 1 2
github.com/trustbloc/sidetree-go/pkg/internal/jws/jwk.go:67.10,68.77 1 1
github.com/trustbloc/sidetree-go/pkg/internal/jws/jwk.go:73.52,77.23 3 29
github.com/trustbloc/sidetree-go/pkg/internal/jws/jwk.go:77.23,79.3 1 2
github.com/trustbloc/sidetree-go/pkg/internal/jws/jwk.go:81.2,81.35 1 27
github.com/trustbloc/sidetree-go/pkg/internal/jws/jwk.go:81.35,83.17 2 9
github.com/trustbloc/sidetree-go/pkg/internal/jws/jwk.go:83.17,85.4 1 6
github.com/trustbloc/sidetree-go/pkg/internal/jws/jwk.go:87.3,87.12 1 3
github.com/trustbloc/sidetree-go/pkg/internal/jws/jwk.go:88.8,92.17 3 18
github.com/trustbloc/sidetree-go/pkg/internal/jws/jwk.go:92.17,94.4 1 2
github.com/trustbloc/sidetree-go/pkg/internal/jws/jwk.go:96.3,96.25 1 16
github.com/trustbloc/sidetree-go/pkg/internal/jws/jwk.go:99.2,102.12 3 19
github.com/trustbloc/sidetree-go/pkg/internal/jws/jwk.go:106.45,107.31 1 21
github.com/trustbloc/sidetree-go/pkg/internal/jws/jwk.go:107.31,109.3 1 3
github.com/trustbloc/sidetree-go/pkg/internal/jws/jwk.go:111.2,111.38 1 18
github.com/trustbloc/sidetree-go/pkg/internal/jws/jwk.go:114.40,116.2 1 54
github.com/trustbloc/sidetree-go/pkg/internal/jws/jwk.go:118.56,119.18 1 9
github.com/trustbloc/sidetree-go/pkg/internal/jws/jwk.go:119.18,121.3 1 1
github.com/trustbloc/sidetree-go/pkg/internal/jws/jwk.go:123.2,123.18 1 8
github.com/trustbloc/sidetree-go/pkg/internal/jws/jwk.go:123.18,125.3 1 1
github.com/trustbloc/sidetree-go/pkg/internal/jws/jwk.go:127.2,129.41 2 7
github.com/trustbloc/sidetree-go/pkg/internal/jws/jwk.go:129.41,131.3 1 1
github.com/trustbloc/sidetree-go/pkg/internal/jws/jwk.go:133.2,133.41 1 6
github.com/trustbloc/sidetree-go/pkg/internal/jws/jwk.go:133.41,135.3 1 1
github.com/trustbloc/sidetree-go/pkg/internal/jws/jwk.go:137.2,137.53 1 5
github.com/trustbloc/sidetree-go/pkg/internal/jws/jwk.go:137.53,139.3 1 1
github.com/trustbloc/sidetree-go/pkg/internal/jws/jwk.go:141.2,144.28 3 4
github.com/trustbloc/sidetree-go/pkg/internal/jws/jwk.go:144.28,146.3 1 1
github.com/trustbloc/sidetree-go/pkg/internal/jws/jwk.go:148.2,150.18 2 3
github.com/trustbloc/sidetree-go/pkg/internal/jws/jwk.go:150.18,159.3 1 1
github.com/trustbloc/sidetree-go/pkg/internal/jws/jwk.go:159.8,165.3 1 2
github.com/trustbloc/sidetree-go/pkg/internal/jws/jwk.go:167.2,171.8 1 3
github.com/trustbloc/sidetree-go/pkg/internal/jws/jwk.go:174.49,177.36 2 3
github.com/trustbloc/sidetree-go/pkg/internal/jws/jwk.go:178.24,184.4 1 2
github.com/trustbloc/sidetree-go/pkg/internal/jws/jwk.go:186.25,193.4 1 1
github.com/trustbloc/sidetree-go/pkg/internal/jws/jwk.go:196.2,200.26 4 3
github.com/trustbloc/sidetree-go/pkg/internal/jws/jwk.go:218.40,224.14 4 18
github.com/trustbloc/sidetree-go/pkg/internal/jws/jwk.go:224.14,226.3 1 17
github.com/trustbloc/sidetree-go/pkg/internal/jws/jwk.go:228.2,228.16 1 1
github.com/trustbloc/sidetree-go/pkg/internal/jws/jwk.go:231.38,236.29 4 3
github.com/trustbloc/sidetree-go/pkg/internal/jws/jwk.go:236.29,238.3 1 0
github.com/trustbloc/sidetree-go/pkg/internal/jws/jwk.go:240.2,240.13 1 3
github.com/trustbloc/sidetree-go/pkg/internal/jws/jwk.go:248.55,252.16 3 56
github.com/trustbloc/sidetree-go/pkg/internal/jws/jwk.go:252.16,254.3 1 1
github.com/trustbloc/sidetree-go/pkg/internal/jws/jwk.go:256.2,256.19 1 55
github.com/trustbloc/sidetree-go/pkg/internal/jws/jwk.go:256.19,258.3 1 10
github.com/trustbloc/sidetree-go/pkg/internal/jws/jwk.go:260.2,261.16 2 45
github.com/trustbloc/sidetree-go/pkg/internal/jws/jwk.go:261.16,263.3 1 2
github.com/trustbloc/sidetree-go/pkg/internal/jws/jwk.go:265.2,269.12 2 43
github.com/trustbloc/sidetree-go/pkg/internal/jws/jwk.go:272.52,274.2 1 7
github.com/trustbloc/sidetree-go/pkg/internal/jws/jwk.go:276.38,278.2 1 7
github.com/trustbloc/sidetree-go/pkg/internal/jws/jwk.go:280.39,282.2 1 9
github.com/trustbloc/sidetree-go/pkg/internal/jws/jwk.go:284.62,290.2 2 7
github.com/trustbloc/sidetree-go/pkg/internal/jws/jws.go:47.121,57.16 4 8
github.com/trustbloc/sidetree-go/pkg/internal/jws/jws.go:57.16,59.3 1 4
github.com/trustbloc/sidetree-go/pkg/internal/jws/jws.go:61.2,63.15 2 4
github.com/trustbloc/sidetree-go/pkg/internal/jws/jws.go:67.75,69.16 2 4
github.com/trustbloc/sidetree-go/pkg/internal/jws/jws.go:69.16,71.3 1 0
github.com/trustbloc/sidetree-go/pkg/internal/jws/jws.go:73.2,76.15 3 4
github.com/trustbloc/sidetree-go/pkg/internal/jws/jws.go:76.15,78.3 1 4
github.com/trustbloc/sidetree-go/pkg/internal/jws/jws.go:80.2,85.21 2 4
github.com/trustbloc/sidetree-go/pkg/internal/jws/jws.go:89.46,90.24 1 2
github.com/trustbloc/sidetree-go/pkg/internal/jws/jws.go:90.24,92.3 1 1
github.com/trustbloc/sidetree-go/pkg/internal/jws/jws.go:94.2,97.14 3 1
github.com/trustbloc/sidetree-go/pkg/internal/jws/jws.go:100.51,103.23 2 8
github.com/trustbloc/sidetree-go/pkg/internal/jws/jws.go:103.23,105.3 1 12
github.com/trustbloc/sidetree-go/pkg/internal/jws/jws.go:107.2,107.23 1 8
github.com/trustbloc/sidetree-go/pkg/internal/jws/jws.go:107.23,109.3 1 10
github.com/trustbloc/sidetree-go/pkg/internal/jws/jws.go:111.2,111.10 1 8
github.com/trustbloc/sidetree-go/pkg/internal/jws/jws.go:114.83,116.16 2 8
github.com/trustbloc/sidetree-go/pkg/internal/jws/jws.go:116.16,118.3 1 1
github.com/trustbloc/sidetree-go/pkg/internal/jws/jws.go:120.2,121.16 2 7
github.com/trustbloc/sidetree-go/pkg/internal/jws/jws.go:121.16,123.3 1 2
github.com/trustbloc/sidetree-go/pkg/internal/jws/jws.go:125.2,126.16 2 5
github.com/trustbloc/sidetree-go/pkg/internal/jws/jws.go:126.16,128.3 1 1
github.com/trustbloc/sidetree-go/pkg/internal/jws/jws.go:130.2,130.23 1 4
github.com/trustbloc/sidetree-go/pkg/internal/jws/jws.go:142.54,143.34 1 1
github.com/trustbloc/sidetree-go/pkg/internal/jws/jws.go:143.34,145.3 1 1
github.com/trustbloc/sidetree-go/pkg/internal/jws/jws.go:149.75,152.27 2 13
github.com/trustbloc/sidetree-go/pkg/internal/jws/jws.go:152.27,154.3 1 1
github.com/trustbloc/sidetree-go/pkg/internal/jws/jws.go:156.2,156.36 1 13
github.com/trustbloc/sidetree-go/pkg/internal/jws/jws.go:156.36,160.3 1 1
github.com/trustbloc/sidetree-go/pkg/internal/jws/jws.go:162.2,162.38 1 12
github.com/trustbloc/sidetree-go/pkg/internal/jws/jws.go:166.90,168.16 2 13
github.com/trustbloc/sidetree-go/pkg/internal/jws/jws.go:168.16,170.3 1 9
github.com/trustbloc/sidetree-go/pkg/internal/jws/jws.go:172.2,173.16 2 4
github.com/trustbloc/sidetree-go/pkg/internal/jws/jws.go:173.16,175.3 1 0
github.com/trustbloc/sidetree-go/pkg/internal/jws/jws.go:177.2,178.16 2 4
github.com/trustbloc/sidetree-go/pkg/internal/jws/jws.go:178.16,180.3 1 1
github.com/trustbloc/sidetree-go/pkg/internal/jws/jws.go:182.2,182.23 1 3
github.com/trustbloc/sidetree-go/pkg/internal/jws/jws.go:186.34,190.2 2 4
github.com/trustbloc/sidetree-go/pkg/internal/jws/jws.go:192.87,194.33 2 12
github.com/trustbloc/sidetree-go/pkg/internal/jws/jws.go:194.33,196.3 1 1
github.com/trustbloc/sidetree-go/pkg/internal/jws/jws.go:198.2,199.16 2 11
github.com/trustbloc/sidetree-go/pkg/internal/jws/jws.go:199.16,201.3 1 3
github.com/trustbloc/sidetree-go/pkg/internal/jws/jws.go:203.2,204.16 2 8
github.com/trustbloc/sidetree-go/pkg/internal/jws/jws.go:204.16,206.3 1 2
github.com/trustbloc/sidetree-go/pkg/internal/jws/jws.go:208.2,209.16 2 6
github.com/trustbloc/sidetree-go/pkg/internal/jws/jws.go:209.16,211.3 1 1
github.com/trustbloc/sidetree-go/pkg/internal/jws/jws.go:213.2,213.25 1 5
github.com/trustbloc/sidetree-go/pkg/internal/jws/jws.go:213.25,215.3 1 1
github.com/trustbloc/sidetree-go/pkg/internal/jws/jws.go:217.2,222.8 1 4
github.com/trustbloc/sidetree-go/pkg/internal/jws/jws.go:225.83,226.35 1 8
github.com/trustbloc/sidetree-go/pkg/internal/jws/jws.go:226.35,228.3 1 1
github.com/trustbloc/sidetree-go/pkg/internal/jws/jws.go:230.2,231.16 2 7
github.com/trustbloc/sidetree-go/pkg/internal/jws/jws.go:231.16,233.3 1 1
github.com/trustbloc/sidetree-go/pkg/internal/jws/jws.go:235.2,235.23 1 6
github.com/trustbloc/sidetree-go/pkg/internal/jws/jws.go:235.23,237.3 1 1
github.com/trustbloc/sidetree-go/pkg/internal/jws/jws.go:239.2,239.21 1 5
github.com/trustbloc/sidetree-go/pkg/internal/jws/jws.go:242.65,244.16 2 11
github.com/trustbloc/sidetree-go/pkg/internal/jws/jws.go:244.16,246.3 1 1
github.com/trustbloc/sidetree-go/pkg/internal/jws/jws.go:248.2,251.16 3 10
github.com/trustbloc/sidetree-go/pkg/internal/jws/jws.go:251.16,253.3 1 1
github.com/trustbloc/sidetree-go/pkg/internal/jws/jws.go:255.2,256.16 2 9
github.com/trustbloc/sidetree-go/pkg/internal/jws/jws.go:256.16,258.3 1 1
github.com/trustbloc/sidetree-go/pkg/internal/jws/jws.go:260.2,260.25 1 8
github.com/trustbloc/sidetree-go/pkg/internal/jws/jws.go:263.72,265.16 2 11
github.com/trustbloc/sidetree-go/pkg/internal/jws/jws.go:265.16,267.3 1 1
github.com/trustbloc/sidetree-go/pkg/internal/jws/jws.go:269.2,271.50 2 10
github.com/trustbloc/sidetree-go/pkg/internal/jws/jws.go:271.50,272.36 1 2
github.com/trustbloc/sidetree-go/pkg/internal/jws/jws.go:272.36,274.4 1 1
github.com/trustbloc/sidetree-go/pkg/internal/jws/jws.go:277.2,281.13 3 9
github.com/trustbloc/sidetree-go/pkg/internal/jws/jws.go:281.13,283.3 1 8
github.com/trustbloc/sidetree-go/pkg/internal/jws/jws.go:283.8,285.3 1 1
github.com/trustbloc/sidetree-go/pkg/internal/jws/jws.go:287.2,287.66 1 9
github.com/trustbloc/sidetree-go/pkg/internal/jws/jws.go:290.49,291.48 1 17
github.com/trustbloc/sidetree-go/pkg/internal/jws/jws.go:291.48,293.3 1 2
github.com/trustbloc/sidetree-go/pkg/internal/jws/jws.go:295.2,295.12 1 15
github.com/trustbloc/sidetree-go/pkg/internal/jws/signature.go:32.65,33.17 1 10
github.com/trustbloc/sidetree-go/pkg/internal/jws/signature.go:34.12,35.48 1 6
github.com/trustbloc/sidetree-go/pkg/internal/jws/signature.go:36.13,37.53 1 2
github.com/trustbloc/sidetree-go/pkg/internal/jws/signature.go:38.10,39.87 1 2
github.com/trustbloc/sidetree-go/pkg/internal/jws/signature.go:43.72,45.16 2 7
github.com/trustbloc/sidetree-go/pkg/internal/jws/signature.go:45.16,47.3 1 2
github.com/trustbloc/sidetree-go/pkg/internal/jws/signature.go:49.2,50.15 2 5
github.com/trustbloc/sidetree-go/pkg/internal/jws/signature.go:50.15,52.3 1 2
github.com/trustbloc/sidetree-go/pkg/internal/jws/signature.go:54.2,54.12 1 3
github.com/trustbloc/sidetree-go/pkg/internal/jws/signature.go:58.67,60.16 2 7
github.com/trustbloc/sidetree-go/pkg/internal/jws/signature.go:60.16,62.3 1 0
github.com/trustbloc/sidetree-go/pkg/internal/jws/signature.go:64.2,66.16 3 7
github.com/trustbloc/sidetree-go/pkg/internal/jws/signature.go:66.16,68.3 1 1
github.com/trustbloc/sidetree-go/pkg/internal/jws/signature.go:70.2,71.9 2 6
github.com/trustbloc/sidetree-go/pkg/internal/jws/signature.go:71.9,73.3 1 1
github.com/trustbloc/sidetree-go/pkg/internal/jws/signature.go:76.2,76.42 1 5
github.com/trustbloc/sidetree-go/pkg/internal/jws/signature.go:76.42,78.3 1 0
github.com/trustbloc/sidetree-go/pkg/internal/jws/signature.go:80.2,80.20 1 5
github.com/trustbloc/sidetree-go/pkg/internal/jws/signature.go:83.67,85.15 2 10
github.com/trustbloc/sidetree-go/pkg/internal/jws/signature.go:85.15,87.3 1 1
github.com/trustbloc/sidetree-go/pkg/internal/jws/signature.go:89.2,90.16 2 9
github.com/trustbloc/sidetree-go/pkg/internal/jws/signature.go:90.16,92.3 1 0
github.com/trustbloc/sidetree-go/pkg/internal/jws/signature.go:94.2,100.16 3 9
github.com/trustbloc/sidetree-go/pkg/internal/jws/signature.go:100.16,102.3 1 0
github.com/trustbloc/sidetree-go/pkg/internal/jws/signature.go:104.2,105.9 2 9
github.com/trustbloc/sidetree-go/pkg/internal/jws/signature.go:105.9,107.3 1 0
github.com/trustbloc/sidetree-go/pkg/internal/jws/signature.go:109.2,109.36 1 9
github.com/trustbloc/sidetree-go/pkg/internal/jws/signature.go:109.36,111.3 1 1
github.com/trustbloc/sidetree-go/pkg/internal/jws/signature.go:113.2,116.16 3 8
github.com/trustbloc/sidetree-go/pkg/internal/jws/signature.go:116.16,118.3 1 0
github.com/trustbloc/sidetree-go/pkg/internal/jws/signature.go:120.2,126.15 5 8
github.com/trustbloc/sidetree-go/pkg/internal/jws/signature.go:126.15,128.3 1 1
github.com/trustbloc/sidetree-go/pkg/internal/jws/signature.go:130.2,130.12 1 7
github.com/trustbloc/sidetree-go/pkg/internal/jws/signature.go:139.54,140.15 1 10
github.com/trustbloc/sidetree-go/pkg/internal/jws/signature.go:141.15,146.4 1 6
github.com/trustbloc/sidetree-go/pkg/internal/jws/signature.go:147.15,152.4 1 1
github.com/trustbloc/sidetree-go/pkg/internal/jws/signature.go:153.15,158.4 1 1
github.com/trustbloc/sidetree-go/pkg/internal/jws/signature.go:159.19,164.4 1 1
github.com/trustbloc/sidetree-go/pkg/internal/jws/signature.go:165.10,166.13 1 1
github.com/trustbloc/sidetree-go/pkg/internal/log/fields.go:65.44,67.2 1 1
github.com/trustbloc/sidetree-go/pkg/internal/log/fields.go:70.39,72.2 1 1
github.com/trustbloc/sidetree-go/pkg/internal/log/fields.go:75.46,77.2 1 1
github.com/trustbloc/sidetree-go/pkg/internal/log/fields.go:80.46,82.2 1 1
github.com/trustbloc/sidetree-go/pkg/internal/log/fields.go:85.36,87.2 1 1
github.com/trustbloc/sidetree-go/pkg/internal/log/fields.go:90.39,92.2 1 1
github.com/trustbloc/sidetree-go/pkg/internal/log/fields.go:95.44,97.2 1 1
github.com/trustbloc/sidetree-go/pkg/internal/log/fields.go:100.37,102.2 1 1
github.com/trustbloc/sidetree-go/pkg/internal/log/fields.go:105.41,107.2 1 1
github.com/trustbloc/sidetree-go/pkg/internal/log/fields.go:110.46,112.2 1 1
github.com/trustbloc/sidetree-go/pkg/internal/log/fields.go:115.48,117.2 1 1
github.com/trustbloc/sidetree-go/pkg/internal/log/fields.go:120.49,122.2 1 1
github.com/trustbloc/sidetree-go/pkg/internal/log/fields.go:125.46,127.2 1 1
github.com/trustbloc/sidetree-go/pkg/internal/log/fields.go:130.46,132.2 1 1
github.com/trustbloc/sidetree-go/pkg/internal/log/fields.go:135.55,137.2 1 1
github.com/trustbloc/sidetree-go/pkg/internal/log/fields.go:140.51,142.2 1 1
github.com/trustbloc/sidetree-go/pkg/internal/log/fields.go:145.37,147.2 1 1
github.com/trustbloc/sidetree-go/pkg/internal/log/fields.go:150.55,152.2 1 1
github.com/trustbloc/sidetree-go/pkg/internal/log/fields.go:155.42,157.2 1 1
github.com/trustbloc/sidetree-go/pkg/internal/log/fields.go:160.44,162.2 1 1
github.com/trustbloc/sidetree-go/pkg/internal/log/fields.go:165.47,167.2 1 1
github.com/trustbloc/sidetree-go/pkg/internal/log/fields.go:170.41,172.2 1 1
github.com/trustbloc/sidetree-go/pkg/internal/log/fields.go:175.45,177.2 1 1
github.com/trustbloc/sidetree-go/pkg/internal/log/fields.go:180.50,182.2 1 1
github.com/trustbloc/sidetree-go/pkg/internal/log/fields.go:185.52,187.2 1 1
github.com/trustbloc/sidetree-go/pkg/internal/log/fields.go:190.45,192.2 1 1
github.com/trustbloc/sidetree-go/pkg/internal/log/fields.go:195.53,197.2 1 1
github.com/trustbloc/sidetree-go/pkg/internal/log/fields.go:200.51,202.2 1 1
github.com/trustbloc/sidetree-go/pkg/internal/log/fields.go:205.48,207.2 1 1
github.com/trustbloc/sidetree-go/pkg/internal/log/fields.go:210.47,212.2 1 1
github.com/trustbloc/sidetree-go/pkg/internal/log/fields.go:215.53,217.2 1 1
github.com/trustbloc/sidetree-go/pkg/internal/log/fields.go:220.53,222.2 1 1
github.com/trustbloc/sidetree-go/pkg/internal/log/fields.go:225.54,227.2 1 1
github.com/trustbloc/sidetree-go/pkg/internal/log/fields.go:230.57,232.2 1 1
github.com/trustbloc/sidetree-go/pkg/internal/log/fields.go:235.59,237.2 1 1
github.com/trustbloc/sidetree-go/pkg/internal/log/fields.go:240.44,242.2 1 1
github.com/trustbloc/sidetree-go/pkg/internal/log/fields.go:245.50,247.2 1 1
github.com/trustbloc/sidetree-go/pkg/internal/log/fields.go:250.46,252.2 1 1
github.com/trustbloc/sidetree-go/pkg/internal/log/fields.go:255.45,257.2 1 1
github.com/trustbloc/sidetree-go/pkg/internal/log/fields.go:260.40,262.2 1 1
github.com/trustbloc/sidetree-go/pkg/internal/log/fields.go:265.42,267.2 1 1
github.com/trustbloc/sidetree-go/pkg/internal/log/fields.go:270.45,272.2 1 1
github.com/trustbloc/sidetree-go/pkg/internal/log/fields.go:275.40,277.2 1 1
github.com/trustbloc/sidetree-go/pkg/internal/log/fields.go:284.71,286.2 1 1
github.com/trustbloc/sidetree-go/pkg/internal/log/fields.go:288.74,290.16 2 1
github.com/trustbloc/sidetree-go/pkg/internal/log/fields.go:290.16,292.3 1 0
github.com/trustbloc/sidetree-go/pkg/internal/log/fields.go:294.2,296.12 2 1
github.com/trustbloc/sidetree-go/pkg/internal/log/fields.go:306.73,308.2 1 5
github.com/trustbloc/sidetree-go/pkg/internal/log/fields.go:311.76,313.2 1 5
github.com/trustbloc/sidetree-go/pkg/internal/log/fields.go:321.71,323.2 1 2
github.com/trustbloc/sidetree-go/pkg/internal/log/fields.go:326.79,327.29 1 2
github.com/trustbloc/sidetree-go/pkg/internal/log/fields.go:327.29,329.3 1 4
github.com/trustbloc/sidetree-go/pkg/internal/log/fields.go:331.2,331.12 1 2
github.com/trustbloc/sidetree-go/pkg/internal/signutil/signature.go:27.66,30.16 2 2
github.com/trustbloc/sidetree-go/pkg/internal/signutil/signature.go:30.16,32.3 1 1
github.com/trustbloc/sidetree-go/pkg/internal/signutil/signature.go:34.2,34.45 1 1
github.com/trustbloc/sidetree-go/pkg/internal/signutil/signature.go:38.65,40.22 2 4
github.com/trustbloc/sidetree-go/pkg/internal/signutil/signature.go:40.22,42.3 1 1
github.com/trustbloc/sidetree-go/pkg/internal/signutil/signature.go:44.2,45.16 2 3
github.com/trustbloc/sidetree-go/pkg/internal/signutil/signature.go:45.16,47.3 1 1
github.com/trustbloc/sidetree-go/pkg/internal/signutil/signature.go:49.2,49.45 1 2
github.com/trustbloc/sidetree-go/pkg/jws/header.go:80.41,82.2 1 2
github.com/trustbloc/sidetree-go/pkg/jws/header.go:85.45,87.2 1 2
github.com/trustbloc/sidetree-go/pkg/jws/header.go:89.57,91.9 2 4
github.com/trustbloc/sidetree-go/pkg/jws/header.go:91.9,93.3 1 2
github.com/trustbloc/sidetree-go/pkg/jws/header.go:95.2,97.17 2 2
github.com/trustbloc/sidetree-go/pkg/jws/jwk.go:21.34,22.19 1 4
github.com/trustbloc/sidetree-go/pkg/jws/jwk.go:22.19,24.3 1 1
github.com/trustbloc/sidetree-go/pkg/jws/jwk.go:26.2,26.19 1 3
github.com/trustbloc/sidetree-go/pkg/jws/jwk.go:26.19,28.3 1 1
github.com/trustbloc/sidetree-go/pkg/jws/jwk.go:30.2,30.17 1 2
github.com/trustbloc/sidetree-go/pkg/jws/jwk.go:30.17,32.3 1 1
github.com/trustbloc/sidetree-go/pkg/jws/jwk.go:34.2,34.12 1 1
github.com/trustbloc/sidetree-go/pkg/log/log.go:14.47,16.2 1 1
github.com/trustbloc/sidetree-go/pkg/log/log.go:19.39,21.2 1 1
github.com/trustbloc/sidetree-go/pkg/log/log.go:24.40,26.2 1 5
github.com/trustbloc/sidetree-go/pkg/log/log.go:38.33,40.2 1 1
github.com/trustbloc/sidetree-go/pkg/log/log.go:50.23,52.2 1 3
github.com/trustbloc/sidetree-go/pkg/observer/observer.go:49.42,54.2 1 2
github.com/trustbloc/sidetree-go/pkg/observer/observer.go:57.28,59.2 1 2
github.com/trustbloc/sidetree-go/pkg/observer/observer.go:62.27,64.2 1 2
github.com/trustbloc/sidetree-go/pkg/observer/observer.go:66.60,67.6 1 2
github.com/trustbloc/sidetree-go/pkg/observer/observer.go:67.6,68.10 1 3
github.com/trustbloc/sidetree-go/pkg/observer/observer.go:69.19,72.10 2 1
github.com/trustbloc/sidetree-go/pkg/observer/observer.go:74.29,75.11 1 2
github.com/trustbloc/sidetree-go/pkg/observer/observer.go:75.11,79.5 2 1
github.com/trustbloc/sidetree-go/pkg/observer/observer.go:81.4,81.19 1 1
github.com/trustbloc/sidetree-go/pkg/observer/observer.go:86.52,87.27 1 1
github.com/trustbloc/sidetree-go/pkg/observer/observer.go:87.27,89.17 2 3
github.com/trustbloc/sidetree-go/pkg/observer/observer.go:89.17,92.12 2 1
github.com/trustbloc/sidetree-go/pkg/observer/observer.go:95.3,96.17 2 2
github.com/trustbloc/sidetree-go/pkg/observer/observer.go:96.17,100.12 2 1
github.com/trustbloc/sidetree-go/pkg/observer/observer.go:103.3,104.17 2 1
github.com/trustbloc/sidetree-go/pkg/observer/observer.go:104.17,107.12 2 0
github.com/trustbloc/sidetree-go/pkg/observer/observer.go:110.3,110.94 1 1
github.com/trustbloc/sidetree-go/pkg/patch/patch.go:94.55,96.16 2 105
github.com/trustbloc/sidetree-go/pkg/patch/patch.go:96.16,98.3 1 1
github.com/trustbloc/sidetree-go/pkg/patch/patch.go:100.2,100.49 1 104
github.com/trustbloc/sidetree-go/pkg/patch/patch.go:100.49,102.3 1 1
github.com/trustbloc/sidetree-go/pkg/patch/patch.go:104.2,107.41 3 103
github.com/trustbloc/sidetree-go/pkg/patch/patch.go:107.41,109.17 2 407
github.com/trustbloc/sidetree-go/pkg/patch/patch.go:109.17,111.4 1 0
github.com/trustbloc/sidetree-go/pkg/patch/patch.go:113.3,114.14 2 407
github.com/trustbloc/sidetree-go/pkg/patch/patch.go:115.35,116.60 1 102
github.com/trustbloc/sidetree-go/pkg/patch/patch.go:117.33,118.66 1 101
github.com/trustbloc/sidetree-go/pkg/patch/patch.go:119.29,120.56 1 2
github.com/trustbloc/sidetree-go/pkg/patch/patch.go:121.11,122.96 1 202
github.com/trustbloc/sidetree-go/pkg/patch/patch.go:125.3,125.17 1 407
github.com/trustbloc/sidetree-go/pkg/patch/patch.go:125.17,127.4 1 1
github.com/trustbloc/sidetree-go/pkg/patch/patch.go:129.3,129.22 1 406
github.com/trustbloc/sidetree-go/pkg/patch/patch.go:129.22,131.4 1 204
github.com/trustbloc/sidetree-go/pkg/patch/patch.go:134.2,134.26 1 102
github.com/trustbloc/sidetree-go/pkg/patch/patch.go:134.26,136.17 2 101
github.com/trustbloc/sidetree-go/pkg/patch/patch.go:136.17,138.4 1 0
github.com/trustbloc/sidetree-go/pkg/patch/patch.go:140.3,140.53 1 101
github.com/trustbloc/sidetree-go/pkg/patch/patch.go:143.2,143.24 1 102
github.com/trustbloc/sidetree-go/pkg/patch/patch.go:147.49,149.16 2 3
github.com/trustbloc/sidetree-go/pkg/patch/patch.go:149.16,151.3 1 1
github.com/trustbloc/sidetree-go/pkg/patch/patch.go:153.2,153.56 1 2
github.com/trustbloc/sidetree-go/pkg/patch/patch.go:153.56,155.3 1 1
github.com/trustbloc/sidetree-go/pkg/patch/patch.go:157.2,161.19 4 1
github.com/trustbloc/sidetree-go/pkg/patch/patch.go:165.50,168.16 3 102
github.com/trustbloc/sidetree-go/pkg/patch/patch.go:168.16,170.3 1 0
github.com/trustbloc/sidetree-go/pkg/patch/patch.go:172.2,176.19 4 102
github.com/trustbloc/sidetree-go/pkg/patch/patch.go:180.62,182.16 2 104
github.com/trustbloc/sidetree-go/pkg/patch/patch.go:182.16,184.3 1 1
github.com/trustbloc/sidetree-go/pkg/patch/patch.go:186.2,190.19 4 103
github.com/trustbloc/sidetree-go/pkg/patch/patch.go:194.67,196.16 2 3
github.com/trustbloc/sidetree-go/pkg/patch/patch.go:196.16,198.3 1 1
github.com/trustbloc/sidetree-go/pkg/patch/patch.go:200.2,200.19 1 2
github.com/trustbloc/sidetree-go/pkg/patch/patch.go:200.19,202.3 1 1
github.com/trustbloc/sidetree-go/pkg/patch/patch.go:204.2,208.19 4 1
github.com/trustbloc/sidetree-go/pkg/patch/patch.go:212.74,214.16 2 103
github.com/trustbloc/sidetree-go/pkg/patch/patch.go:214.16,216.3 1 1
github.com/trustbloc/sidetree-go/pkg/patch/patch.go:218.2,222.19 4 102
github.com/trustbloc/sidetree-go/pkg/patch/patch.go:226.79,228.16 2 3
github.com/trustbloc/sidetree-go/pkg/patch/patch.go:228.16,230.3 1 1
github.com/trustbloc/sidetree-go/pkg/patch/patch.go:232.2,232.19 1 2
github.com/trustbloc/sidetree-go/pkg/patch/patch.go:232.19,234.3 1 1
github.com/trustbloc/sidetree-go/pkg/patch/patch.go:236.2,240.19 4 1
github.com/trustbloc/sidetree-go/pkg/patch/patch.go:244.52,246.16 2 5
github.com/trustbloc/sidetree-go/pkg/patch/patch.go:246.16,248.3 1 2
github.com/trustbloc/sidetree-go/pkg/patch/patch.go:250.2,250.25 1 3
github.com/trustbloc/sidetree-go/pkg/patch/patch.go:250.25,252.3 1 1
github.com/trustbloc/sidetree-go/pkg/patch/patch.go:254.2,258.19 4 2
github.com/trustbloc/sidetree-go/pkg/patch/patch.go:262.55,264.16 2 3
github.com/trustbloc/sidetree-go/pkg/patch/patch.go:264.16,266.3 1 1
github.com/trustbloc/sidetree-go/pkg/patch/patch.go:268.2,268.28 1 2
github.com/trustbloc/sidetree-go/pkg/patch/patch.go:268.28,270.3 1 1
github.com/trustbloc/sidetree-go/pkg/patch/patch.go:272.2,276.19 4 1
github.com/trustbloc/sidetree-go/pkg/patch/patch.go:280.48,282.16 2 36
github.com/trustbloc/sidetree-go/pkg/patch/patch.go:282.16,284.3 1 0
github.com/trustbloc/sidetree-go/pkg/patch/patch.go:286.2,287.9 2 36
github.com/trustbloc/sidetree-go/pkg/patch/patch.go:287.9,289.3 1 0
github.com/trustbloc/sidetree-go/pkg/patch/patch.go:291.2,292.9 2 36
github.com/trustbloc/sidetree-go/pkg/patch/patch.go:292.9,294.3 1 8
github.com/trustbloc/sidetree-go/pkg/patch/patch.go:296.2,296.19 1 28
github.com/trustbloc/sidetree-go/pkg/patch/patch.go:300.44,302.9 2 75
github.com/trustbloc/sidetree-go/pkg/patch/patch.go:302.9,304.3 1 1
github.com/trustbloc/sidetree-go/pkg/patch/patch.go:306.2,307.27 2 74
github.com/trustbloc/sidetree-go/pkg/patch/patch.go:308.14,309.13 1 16
github.com/trustbloc/sidetree-go/pkg/patch/patch.go:310.14,311.21 1 57
github.com/trustbloc/sidetree-go/pkg/patch/patch.go:312.10,313.60 1 1
github.com/trustbloc/sidetree-go/pkg/patch/patch.go:316.2,317.9 2 73
github.com/trustbloc/sidetree-go/pkg/patch/patch.go:317.9,319.3 1 1
github.com/trustbloc/sidetree-go/pkg/patch/patch.go:321.2,321.20 1 72
github.com/trustbloc/sidetree-go/pkg/patch/patch.go:325.40,327.2 1 3
github.com/trustbloc/sidetree-go/pkg/patch/patch.go:330.51,332.2 1 1
github.com/trustbloc/sidetree-go/pkg/patch/patch.go:335.44,338.16 3 24
github.com/trustbloc/sidetree-go/pkg/patch/patch.go:338.16,340.3 1 2
github.com/trustbloc/sidetree-go/pkg/patch/patch.go:342.2,343.16 2 22
github.com/trustbloc/sidetree-go/pkg/patch/patch.go:343.16,345.3 1 3
github.com/trustbloc/sidetree-go/pkg/patch/patch.go:347.2,348.16 2 19
github.com/trustbloc/sidetree-go/pkg/patch/patch.go:348.16,350.3 1 8
github.com/trustbloc/sidetree-go/pkg/patch/patch.go:352.2,352.19 1 11
github.com/trustbloc/sidetree-go/pkg/patch/patch.go:355.44,356.18 1 2
github.com/trustbloc/sidetree-go/pkg/patch/patch.go:356.18,358.3 1 0
github.com/trustbloc/sidetree-go/pkg/patch/patch.go:359.2,360.9 2 2
github.com/trustbloc/sidetree-go/pkg/patch/patch.go:360.9,362.3 1 1
github.com/trustbloc/sidetree-go/pkg/patch/patch.go:364.2,364.11 1 1
github.com/trustbloc/sidetree-go/pkg/patch/patch.go:367.66,370.23 2 2
github.com/trustbloc/sidetree-go/pkg/patch/patch.go:370.23,371.34 1 3
github.com/trustbloc/sidetree-go/pkg/patch/patch.go:371.34,373.4 1 1
github.com/trustbloc/sidetree-go/pkg/patch/patch.go:376.2,376.12 1 1
github.com/trustbloc/sidetree-go/pkg/patch/patch.go:379.47,380.25 1 3
github.com/trustbloc/sidetree-go/pkg/patch/patch.go:380.25,381.15 1 5
github.com/trustbloc/sidetree-go/pkg/patch/patch.go:381.15,383.4 1 2
github.com/trustbloc/sidetree-go/pkg/patch/patch.go:386.2,386.14 1 1
github.com/trustbloc/sidetree-go/pkg/patch/patch.go:389.52,390.20 1 104
github.com/trustbloc/sidetree-go/pkg/patch/patch.go:390.20,392.3 1 1
github.com/trustbloc/sidetree-go/pkg/patch/patch.go:394.2,394.12 1 103
github.com/trustbloc/sidetree-go/pkg/patch/patch.go:397.60,400.16 2 104
github.com/trustbloc/sidetree-go/pkg/patch/patch.go:400.16,402.3 1 1
github.com/trustbloc/sidetree-go/pkg/patch/patch.go:404.2,404.47 1 103
github.com/trustbloc/sidetree-go/pkg/patch/patch.go:407.64,411.16 3 103
github.com/trustbloc/sidetree-go/pkg/patch/patch.go:411.16,413.3 1 1
github.com/trustbloc/sidetree-go/pkg/patch/patch.go:415.2,415.46 1 102
github.com/trustbloc/sidetree-go/pkg/patch/patch.go:418.51,421.16 3 14
github.com/trustbloc/sidetree-go/pkg/patch/patch.go:421.16,423.3 1 5
github.com/trustbloc/sidetree-go/pkg/patch/patch.go:425.2,425.20 1 9
github.com/trustbloc/sidetree-go/pkg/patch/patch.go:428.50,430.24 2 5
github.com/trustbloc/sidetree-go/pkg/patch/patch.go:430.24,432.3 1 8
github.com/trustbloc/sidetree-go/pkg/patch/patch.go:434.2,434.15 1 5
github.com/trustbloc/sidetree-go/pkg/patch/patch.go:437.52,442.19 3 103
github.com/trustbloc/sidetree-go/pkg/patch/patch.go:442.19,445.3 2 407
github.com/trustbloc/sidetree-go/pkg/patch/patch.go:447.2,449.13 2 103
github.com/trustbloc/sidetree-go/pkg/processor/processor.go:49.107,57.27 2 29
github.com/trustbloc/sidetree-go/pkg/processor/processor.go:57.27,59.3 1 1
github.com/trustbloc/sidetree-go/pkg/processor/processor.go:61.2,61.11 1 29
github.com/trustbloc/sidetree-go/pkg/processor/processor.go:68.76,69.40 1 1
github.com/trustbloc/sidetree-go/pkg/processor/processor.go:69.40,71.3 1 1
github.com/trustbloc/sidetree-go/pkg/processor/processor.go:77.129,81.16 3 31
github.com/trustbloc/sidetree-go/pkg/processor/processor.go:81.16,86.3 2 1
github.com/trustbloc/sidetree-go/pkg/processor/processor.go:88.2,89.63 2 31
github.com/trustbloc/sidetree-go/pkg/processor/processor.go:89.63,91.3 1 1
github.com/trustbloc/sidetree-go/pkg/processor/processor.go:93.2,94.16 2 30
github.com/trustbloc/sidetree-go/pkg/processor/processor.go:94.16,96.3 1 3
github.com/trustbloc/sidetree-go/pkg/processor/processor.go:99.2,103.25 3 27
github.com/trustbloc/sidetree-go/pkg/processor/processor.go:103.25,105.3 1 2
github.com/trustbloc/sidetree-go/pkg/processor/processor.go:109.2,109.50 1 25
github.com/trustbloc/sidetree-go/pkg/processor/processor.go:109.50,111.3 1 1
github.com/trustbloc/sidetree-go/pkg/processor/processor.go:114.2,115.15 2 25
github.com/trustbloc/sidetree-go/pkg/processor/processor.go:115.15,117.3 1 1
github.com/trustbloc/sidetree-go/pkg/processor/processor.go:120.2,120.22 1 24
github.com/trustbloc/sidetree-go/pkg/processor/processor.go:120.22,124.21 3 7
github.com/trustbloc/sidetree-go/pkg/processor/processor.go:124.21,127.4 1 1
github.com/trustbloc/sidetree-go/pkg/processor/processor.go:131.2,132.32 2 23
github.com/trustbloc/sidetree-go/pkg/processor/processor.go:132.32,136.3 2 15
github.com/trustbloc/sidetree-go/pkg/processor/processor.go:138.2,138.16 1 23
github.com/trustbloc/sidetree-go/pkg/processor/processor.go:146.107,148.16 2 30
github.com/trustbloc/sidetree-go/pkg/processor/processor.go:148.16,150.3 1 0
github.com/trustbloc/sidetree-go/pkg/processor/processor.go:152.2,153.16 2 30
github.com/trustbloc/sidetree-go/pkg/processor/processor.go:153.16,155.3 1 3
github.com/trustbloc/sidetree-go/pkg/processor/processor.go:157.2,157.35 1 27
github.com/trustbloc/sidetree-go/pkg/processor/processor.go:161.62,162.26 1 30
github.com/trustbloc/sidetree-go/pkg/processor/processor.go:162.26,167.3 2 2
github.com/trustbloc/sidetree-go/pkg/processor/processor.go:169.2,169.28 1 28
github.com/trustbloc/sidetree-go/pkg/processor/processor.go:169.28,174.3 2 4
github.com/trustbloc/sidetree-go/pkg/processor/processor.go:176.2,176.17 1 24
github.com/trustbloc/sidetree-go/pkg/processor/processor.go:179.121,180.29 1 2
github.com/trustbloc/sidetree-go/pkg/processor/processor.go:180.29,181.41 1 5
github.com/trustbloc/sidetree-go/pkg/processor/processor.go:181.41,183.4 1 1
github.com/trustbloc/sidetree-go/pkg/processor/processor.go:186.2,186.68 1 1
github.com/trustbloc/sidetree-go/pkg/processor/processor.go:189.121,193.16 3 4
github.com/trustbloc/sidetree-go/pkg/processor/processor.go:193.16,195.3 1 1
github.com/trustbloc/sidetree-go/pkg/processor/processor.go:197.2,197.25 1 3
github.com/trustbloc/sidetree-go/pkg/processor/processor.go:197.25,198.46 1 9
github.com/trustbloc/sidetree-go/pkg/processor/processor.go:198.46,200.4 1 4
github.com/trustbloc/sidetree-go/pkg/processor/processor.go:203.2,203.27 1 3
github.com/trustbloc/sidetree-go/pkg/processor/processor.go:203.27,205.3 1 1
github.com/trustbloc/sidetree-go/pkg/processor/processor.go:207.2,207.25 1 2
github.com/trustbloc/sidetree-go/pkg/processor/processor.go:211.139,214.47 2 30
github.com/trustbloc/sidetree-go/pkg/processor/processor.go:214.47,215.34 1 15
github.com/trustbloc/sidetree-go/pkg/processor/processor.go:215.34,217.4 1 8
github.com/trustbloc/sidetree-go/pkg/processor/processor.go:217.9,217.63 1 7
github.com/trustbloc/sidetree-go/pkg/processor/processor.go:217.63,219.4 1 7
github.com/trustbloc/sidetree-go/pkg/processor/processor.go:222.2,231.16 6 30
github.com/trustbloc/sidetree-go/pkg/processor/processor.go:231.16,233.3 1 3
github.com/trustbloc/sidetree-go/pkg/processor/processor.go:235.2,235.34 1 27
github.com/trustbloc/sidetree-go/pkg/processor/processor.go:235.34,238.3 1 24
github.com/trustbloc/sidetree-go/pkg/processor/processor.go:240.2,243.33 3 3
github.com/trustbloc/sidetree-go/pkg/processor/processor.go:243.33,244.34 1 6
github.com/trustbloc/sidetree-go/pkg/processor/processor.go:244.34,246.4 1 1
github.com/trustbloc/sidetree-go/pkg/processor/processor.go:246.9,248.4 1 5
github.com/trustbloc/sidetree-go/pkg/processor/processor.go:251.2,251.71 1 3
github.com/trustbloc/sidetree-go/pkg/processor/processor.go:254.80,257.31 2 30
github.com/trustbloc/sidetree-go/pkg/processor/processor.go:257.31,259.3 1 57
github.com/trustbloc/sidetree-go/pkg/processor/processor.go:261.2,261.21 1 30
github.com/trustbloc/sidetree-go/pkg/processor/processor.go:264.131,267.25 2 22
github.com/trustbloc/sidetree-go/pkg/processor/processor.go:267.25,269.17 2 34
github.com/trustbloc/sidetree-go/pkg/processor/processor.go:269.17,274.12 2 4
github.com/trustbloc/sidetree-go/pkg/processor/processor.go:277.3,278.17 2 30
github.com/trustbloc/sidetree-go/pkg/processor/processor.go:278.17,283.12 2 0
github.com/trustbloc/sidetree-go/pkg/processor/processor.go:286.3,286.34 1 30
github.com/trustbloc/sidetree-go/pkg/processor/processor.go:289.2,289.14 1 22
github.com/trustbloc/sidetree-go/pkg/processor/processor.go:292.121,293.25 1 27
github.com/trustbloc/sidetree-go/pkg/processor/processor.go:293.25,294.18 1 62
github.com/trustbloc/sidetree-go/pkg/processor/processor.go:295.29,296.37 1 26
github.com/trustbloc/sidetree-go/pkg/processor/processor.go:297.29,298.37 1 26
github.com/trustbloc/sidetree-go/pkg/processor/processor.go:299.30,300.33 1 9
github.com/trustbloc/sidetree-go/pkg/processor/processor.go:301.33,302.33 1 1
github.com/trustbloc/sidetree-go/pkg/processor/processor.go:306.2,306.38 1 27
github.com/trustbloc/sidetree-go/pkg/processor/processor.go:309.138,312.25 2 26
github.com/trustbloc/sidetree-go/pkg/processor/processor.go:312.25,313.66 1 31
github.com/trustbloc/sidetree-go/pkg/processor/processor.go:313.66,315.4 1 27
github.com/trustbloc/sidetree-go/pkg/processor/processor.go:318.2,318.18 1 26
github.com/trustbloc/sidetree-go/pkg/processor/processor.go:321.107,322.33 1 31
github.com/trustbloc/sidetree-go/pkg/processor/processor.go:322.33,324.3 1 2
github.com/trustbloc/sidetree-go/pkg/processor/processor.go:326.2,326.34 1 29
github.com/trustbloc/sidetree-go/pkg/processor/processor.go:326.34,328.3 1 2
github.com/trustbloc/sidetree-go/pkg/processor/processor.go:330.2,330.34 1 27
github.com/trustbloc/sidetree-go/pkg/processor/processor.go:330.34,332.3 1 24
github.com/trustbloc/sidetree-go/pkg/processor/processor.go:334.2,334.38 1 3
github.com/trustbloc/sidetree-go/pkg/processor/processor.go:334.38,336.3 1 1
github.com/trustbloc/sidetree-go/pkg/processor/processor.go:338.2,338.14 1 2
github.com/trustbloc/sidetree-go/pkg/processor/processor.go:342.47,358.9 8 22
github.com/trustbloc/sidetree-go/pkg/processor/processor.go:358.9,365.22 3 30
github.com/trustbloc/sidetree-go/pkg/processor/processor.go:365.22,369.9 2 2
github.com/trustbloc/sidetree-go/pkg/processor/processor.go:373.3,384.14 6 28
github.com/trustbloc/sidetree-go/pkg/processor/processor.go:384.14,386.4 1 1
github.com/trustbloc/sidetree-go/pkg/processor/processor.go:388.3,388.31 1 27
github.com/trustbloc/sidetree-go/pkg/processor/processor.go:391.2,391.36 1 21
github.com/trustbloc/sidetree-go/pkg/processor/processor.go:391.36,395.3 1 5
github.com/trustbloc/sidetree-go/pkg/processor/processor.go:397.2,397.14 1 21
github.com/trustbloc/sidetree-go/pkg/processor/processor.go:402.63,404.2 1 33
github.com/trustbloc/sidetree-go/pkg/processor/processor.go:406.65,408.2 1 17
github.com/trustbloc/sidetree-go/pkg/processor/processor.go:411.58,412.31 1 25
github.com/trustbloc/sidetree-go/pkg/processor/processor.go:412.31,416.56 3 25
github.com/trustbloc/sidetree-go/pkg/processor/processor.go:416.56,421.12 2 1
github.com/trustbloc/sidetree-go/pkg/processor/processor.go:424.3,428.15 2 24
github.com/trustbloc/sidetree-go/pkg/processor/processor.go:431.2,431.12 1 1
github.com/trustbloc/sidetree-go/pkg/processor/processor.go:436.89,437.25 1 30
github.com/trustbloc/sidetree-go/pkg/processor/processor.go:437.25,442.17 4 30
github.com/trustbloc/sidetree-go/pkg/processor/processor.go:442.17,446.12 2 0
github.com/trustbloc/sidetree-go/pkg/processor/processor.go:449.3,449.39 1 30
github.com/trustbloc/sidetree-go/pkg/processor/processor.go:449.39,454.12 2 1
github.com/trustbloc/sidetree-go/pkg/processor/processor.go:457.3,457.27 1 29
github.com/trustbloc/sidetree-go/pkg/processor/processor.go:457.27,460.17 2 28
github.com/trustbloc/sidetree-go/pkg/processor/processor.go:460.17,465.13 2 1
github.com/trustbloc/sidetree-go/pkg/processor/processor.go:469.3,469.56 1 28
github.com/trustbloc/sidetree-go/pkg/processor/processor.go:469.56,474.12 2 0
github.com/trustbloc/sidetree-go/pkg/processor/processor.go:477.3,480.15 2 28
github.com/trustbloc/sidetree-go/pkg/processor/processor.go:483.2,483.12 1 2
github.com/trustbloc/sidetree-go/pkg/processor/processor.go:487.67,489.16 2 56
github.com/trustbloc/sidetree-go/pkg/processor/processor.go:489.16,491.3 1 1
github.com/trustbloc/sidetree-go/pkg/processor/processor.go:493.2,493.43 1 55
github.com/trustbloc/sidetree-go/pkg/processor/processor.go:496.57,497.38 1 60
github.com/trustbloc/sidetree-go/pkg/processor/processor.go:497.38,498.54 1 38
github.com/trustbloc/sidetree-go/pkg/processor/processor.go:498.54,500.4 1 2
github.com/trustbloc/sidetree-go/pkg/processor/processor.go:502.3,502.61 1 36
github.com/trustbloc/sidetree-go/pkg/processor/processor.go:506.94,507.37 1 43
github.com/trustbloc/sidetree-go/pkg/processor/processor.go:507.37,509.3 1 1
github.com/trustbloc/sidetree-go/pkg/processor/processor.go:511.2,512.16 2 42
github.com/trustbloc/sidetree-go/pkg/processor/processor.go:512.16,514.3 1 1
github.com/trustbloc/sidetree-go/pkg/processor/processor.go:516.2,517.16 2 41
github.com/trustbloc/sidetree-go/pkg/processor/processor.go:517.16,519.3 1 8
github.com/trustbloc/sidetree-go/pkg/processor/processor.go:521.2,521.16 1 33
github.com/trustbloc/sidetree-go/pkg/processor/processor.go:524.93,526.16 2 38
github.com/trustbloc/sidetree-go/pkg/processor/processor.go:526.16,528.3 1 1
github.com/trustbloc/sidetree-go/pkg/processor/processor.go:530.2,531.16 2 37
github.com/trustbloc/sidetree-go/pkg/processor/processor.go:531.16,533.3 1 4
github.com/trustbloc/sidetree-go/pkg/processor/processor.go:535.2,535.28 1 33
github.com/trustbloc/sidetree-go/pkg/processor/processor.go:540.92,542.2 1 30
github.com/trustbloc/sidetree-go/pkg/restapi/common/error.go:16.53,21.2 1 1
github.com/trustbloc/sidetree-go/pkg/restapi/common/error.go:24.36,26.2 1 1
github.com/trustbloc/sidetree-go/pkg/restapi/common/error.go:29.34,31.2 1 1
github.com/trustbloc/sidetree-go/pkg/restapi/common/httputil.go:17.71,21.16 4 1
github.com/trustbloc/sidetree-go/pkg/restapi/common/httputil.go:21.16,23.3 1 0
github.com/trustbloc/sidetree-go/pkg/restapi/common/httputil.go:27.64,28.46 1 2
github.com/trustbloc/sidetree-go/pkg/restapi/common/httputil.go:28.46,30.3 1 1
github.com/trustbloc/sidetree-go/pkg/restapi/common/httputil.go:30.8,32.3 1 1
github.com/trustbloc/sidetree-go/pkg/restapi/common/httputil.go:34.2,37.14 4 2
github.com/trustbloc/sidetree-go/pkg/restapi/common/httputil.go:37.14,39.3 1 0
github.com/trustbloc/sidetree-go/pkg/restapi/diddochandler/handler.go:20.85,26.2 1 5
github.com/trustbloc/sidetree-go/pkg/restapi/diddochandler/handler.go:29.33,31.2 1 4
github.com/trustbloc/sidetree-go/pkg/restapi/diddochandler/handler.go:34.35,36.2 1 4
github.com/trustbloc/sidetree-go/pkg/restapi/diddochandler/handler.go:39.55,41.2 1 7
github.com/trustbloc/sidetree-go/pkg/restapi/diddochandler/resolvehandler.go:28.50,36.2 1 2
github.com/trustbloc/sidetree-go/pkg/restapi/diddochandler/updatehandler.go:28.42,36.2 1 3
github.com/trustbloc/sidetree-go/pkg/restapi/dochandler/resolvehandler.go:47.91,52.2 1 9
github.com/trustbloc/sidetree-go/pkg/restapi/dochandler/resolvehandler.go:55.77,58.15 2 9
github.com/trustbloc/sidetree-go/pkg/restapi/dochandler/resolvehandler.go:58.15,60.3 1 9
github.com/trustbloc/sidetree-go/pkg/restapi/dochandler/resolvehandler.go:62.2,64.16 3 9
github.com/trustbloc/sidetree-go/pkg/restapi/dochandler/resolvehandler.go:64.16,68.3 2 1
github.com/trustbloc/sidetree-go/pkg/restapi/dochandler/resolvehandler.go:70.2,72.16 3 8
github.com/trustbloc/sidetree-go/pkg/restapi/dochandler/resolvehandler.go:72.16,76.3 2 3
github.com/trustbloc/sidetree-go/pkg/restapi/dochandler/resolvehandler.go:78.2,80.51 2 5
github.com/trustbloc/sidetree-go/pkg/restapi/dochandler/resolvehandler.go:83.118,85.16 2 8
github.com/trustbloc/sidetree-go/pkg/restapi/dochandler/resolvehandler.go:85.16,86.51 1 3
github.com/trustbloc/sidetree-go/pkg/restapi/dochandler/resolvehandler.go:86.51,88.4 1 1
github.com/trustbloc/sidetree-go/pkg/restapi/dochandler/resolvehandler.go:89.3,89.49 1 2
github.com/trustbloc/sidetree-go/pkg/restapi/dochandler/resolvehandler.go:89.49,91.4 1 1
github.com/trustbloc/sidetree-go/pkg/restapi/dochandler/resolvehandler.go:93.3,95.71 2 1
github.com/trustbloc/sidetree-go/pkg/restapi/dochandler/resolvehandler.go:98.2,98.30 1 5
github.com/trustbloc/sidetree-go/pkg/restapi/dochandler/resolvehandler.go:101.44,103.2 1 0
github.com/trustbloc/sidetree-go/pkg/restapi/dochandler/resolvehandler.go:105.83,109.21 3 9
github.com/trustbloc/sidetree-go/pkg/restapi/dochandler/resolvehandler.go:109.21,111.3 1 2
github.com/trustbloc/sidetree-go/pkg/restapi/dochandler/resolvehandler.go:113.2,114.23 2 9
github.com/trustbloc/sidetree-go/pkg/restapi/dochandler/resolvehandler.go:114.23,116.3 1 2
github.com/trustbloc/sidetree-go/pkg/restapi/dochandler/resolvehandler.go:118.2,118.42 1 9
github.com/trustbloc/sidetree-go/pkg/restapi/dochandler/resolvehandler.go:118.42,120.3 1 1
github.com/trustbloc/sidetree-go/pkg/restapi/dochandler/resolvehandler.go:122.2,122.28 1 8
github.com/trustbloc/sidetree-go/pkg/restapi/dochandler/updatehandler.go:41.104,47.2 1 2
github.com/trustbloc/sidetree-go/pkg/restapi/dochandler/updatehandler.go:50.75,53.15 2 7
github.com/trustbloc/sidetree-go/pkg/restapi/dochandler/updatehandler.go:53.15,55.3 1 7
github.com/trustbloc/sidetree-go/pkg/restapi/dochandler/updatehandler.go:57.2,58.16 2 7
github.com/trustbloc/sidetree-go/pkg/restapi/dochandler/updatehandler.go:58.16,62.3 2 0
github.com/trustbloc/sidetree-go/pkg/restapi/dochandler/updatehandler.go:64.2,67.16 3 7
github.com/trustbloc/sidetree-go/pkg/restapi/dochandler/updatehandler.go:67.16,71.3 2 3
github.com/trustbloc/sidetree-go/pkg/restapi/dochandler/updatehandler.go:72.2,72.51 1 4
github.com/trustbloc/sidetree-go/pkg/restapi/dochandler/updatehandler.go:75.88,77.16 2 7
github.com/trustbloc/sidetree-go/pkg/restapi/dochandler/updatehandler.go:77.16,79.3 1 0
github.com/trustbloc/sidetree-go/pkg/restapi/dochandler/updatehandler.go:81.2,82.16 2 7
github.com/trustbloc/sidetree-go/pkg/restapi/dochandler/updatehandler.go:82.16,83.51 1 3
github.com/trustbloc/sidetree-go/pkg/restapi/dochandler/updatehandler.go:83.51,87.4 2 2
[...]
github.com/trustbloc/sidetree-go/pkg/versions/1_0/txnprovider/provider.go:265.17,267.4 1 0
github.com/trustbloc/sidetree-go/pkg/versions/1_0/txnprovider/provider.go:268.3,268.48 1 30
github.com/trustbloc/sidetree-go/pkg/versions/1_0/txnprovider/provider.go:271.2,271.25 1 7
github.com/trustbloc/sidetree-go/pkg/versions/1_0/txnprovider/provider.go:274.140,276.16 2 11
github.com/trustbloc/sidetree-go/pkg/versions/1_0/txnprovider/provider.go:276.16,278.3 1 1
github.com/trustbloc/sidetree-go/pkg/versions/1_0/txnprovider/provider.go:280.2,284.35 2 10
github.com/trustbloc/sidetree-go/pkg/versions/1_0/txnprovider/provider.go:284.35,286.3 1 10
github.com/trustbloc/sidetree-go/pkg/versions/1_0/txnprovider/provider.go:289.2,289.56 1 10
github.com/trustbloc/sidetree-go/pkg/versions/1_0/txnprovider/provider.go:289.56,291.3 1 1
github.com/trustbloc/sidetree-go/pkg/versions/1_0/txnprovider/provider.go:293.2,300.16 5 9
github.com/trustbloc/sidetree-go/pkg/versions/1_0/txnprovider/provider.go:300.16,302.3 1 1
github.com/trustbloc/sidetree-go/pkg/versions/1_0/txnprovider/provider.go:304.2,308.32 3 8
github.com/trustbloc/sidetree-go/pkg/versions/1_0/txnprovider/provider.go:308.32,313.17 3 8
github.com/trustbloc/sidetree-go/pkg/versions/1_0/txnprovider/provider.go:313.17,315.4 1 1
github.com/trustbloc/sidetree-go/pkg/versions/1_0/txnprovider/provider.go:317.3,317.64 1 7
github.com/trustbloc/sidetree-go/pkg/versions/1_0/txnprovider/provider.go:320.2,323.31 2 7
github.com/trustbloc/sidetree-go/pkg/versions/1_0/txnprovider/provider.go:323.31,325.3 1 10
github.com/trustbloc/sidetree-go/pkg/versions/1_0/txnprovider/provider.go:327.2,329.53 2 7
github.com/trustbloc/sidetree-go/pkg/versions/1_0/txnprovider/provider.go:329.53,333.3 1 1
github.com/trustbloc/sidetree-go/pkg/versions/1_0/txnprovider/provider.go:335.2,335.48 1 6
github.com/trustbloc/sidetree-go/pkg/versions/1_0/txnprovider/provider.go:335.48,337.3 1 23
github.com/trustbloc/sidetree-go/pkg/versions/1_0/txnprovider/provider.go:339.2,341.45 2 6
github.com/trustbloc/sidetree-go/pkg/versions/1_0/txnprovider/provider.go:344.48,349.29 3 19
github.com/trustbloc/sidetree-go/pkg/versions/1_0/txnprovider/provider.go:349.29,350.35 1 69
github.com/trustbloc/sidetree-go/pkg/versions/1_0/txnprovider/provider.go:350.35,352.4 1 67
github.com/trustbloc/sidetree-go/pkg/versions/1_0/txnprovider/provider.go:352.9,354.4 1 2
github.com/trustbloc/sidetree-go/pkg/versions/1_0/txnprovider/provider.go:357.2,357.25 1 19
github.com/trustbloc/sidetree-go/pkg/versions/1_0/txnprovider/provider.go:357.25,359.3 1 2
github.com/trustbloc/sidetree-go/pkg/versions/1_0/txnprovider/provider.go:361.2,361.12 1 17
github.com/trustbloc/sidetree-go/pkg/versions/1_0/txnprovider/provider.go:365.117,367.16 2 13
github.com/trustbloc/sidetree-go/pkg/versions/1_0/txnprovider/provider.go:367.16,369.3 1 2
github.com/trustbloc/sidetree-go/pkg/versions/1_0/txnprovider/provider.go:371.2,374.16 3 11
github.com/trustbloc/sidetree-go/pkg/versions/1_0/txnprovider/provider.go:374.16,376.3 1 1
github.com/trustbloc/sidetree-go/pkg/versions/1_0/txnprovider/provider.go:378.2,379.16 2 10
github.com/trustbloc/sidetree-go/pkg/versions/1_0/txnprovider/provider.go:379.16,381.3 1 2
github.com/trustbloc/sidetree-go/pkg/versions/1_0/txnprovider/provider.go:383.2,383.17 1 8
github.com/trustbloc/sidetree-go/pkg/versions/1_0/txnprovider/provider.go:386.84,390.27 3 23
github.com/trustbloc/sidetree-go/pkg/versions/1_0/txnprovider/provider.go:390.27,393.3 2 21
github.com/trustbloc/sidetree-go/pkg/versions/1_0/txnprovider/provider.go:395.2,395.64 1 23
github.com/trustbloc/sidetree-go/pkg/versions/1_0/txnprovider/provider.go:395.64,397.3 1 2
github.com/trustbloc/sidetree-go/pkg/versions/1_0/txnprovider/provider.go:399.2,399.68 1 21
github.com/trustbloc/sidetree-go/pkg/versions/1_0/txnprovider/provider.go:399.68,401.3 1 1
github.com/trustbloc/sidetree-go/pkg/versions/1_0/txnprovider/provider.go:403.2,404.16 2 20
github.com/trustbloc/sidetree-go/pkg/versions/1_0/txnprovider/provider.go:404.16,406.3 1 2
github.com/trustbloc/sidetree-go/pkg/versions/1_0/txnprovider/provider.go:408.2,408.54 1 18
github.com/trustbloc/sidetree-go/pkg/versions/1_0/txnprovider/provider.go:411.93,412.60 1 20
github.com/trustbloc/sidetree-go/pkg/versions/1_0/txnprovider/provider.go:412.60,414.3 1 1
github.com/trustbloc/sidetree-go/pkg/versions/1_0/txnprovider/provider.go:416.2,416.67 1 19
github.com/trustbloc/sidetree-go/pkg/versions/1_0/txnprovider/provider.go:416.67,418.3 1 1
github.com/trustbloc/sidetree-go/pkg/versions/1_0/txnprovider/provider.go:420.2,420.12 1 18
github.com/trustbloc/sidetree-go/pkg/versions/1_0/txnprovider/provider.go:423.91,424.16 1 18
github.com/trustbloc/sidetree-go/pkg/versions/1_0/txnprovider/provider.go:424.16,426.3 1 2
github.com/trustbloc/sidetree-go/pkg/versions/1_0/txnprovider/provider.go:428.2,428.32 1 16
github.com/trustbloc/sidetree-go/pkg/versions/1_0/txnprovider/provider.go:428.32,430.17 2 18
github.com/trustbloc/sidetree-go/pkg/versions/1_0/txnprovider/provider.go:430.17,432.4 1 4
github.com/trustbloc/sidetree-go/pkg/versions/1_0/txnprovider/provider.go:435.2,435.33 1 12
github.com/trustbloc/sidetree-go/pkg/versions/1_0/txnprovider/provider.go:435.33,437.17 2 14
github.com/trustbloc/sidetree-go/pkg/versions/1_0/txnprovider/provider.go:437.17,439.4 1 2
github.com/trustbloc/sidetree-go/pkg/versions/1_0/txnprovider/provider.go:442.2,442.36 1 10
github.com/trustbloc/sidetree-go/pkg/versions/1_0/txnprovider/provider.go:442.36,444.17 2 12
github.com/trustbloc/sidetree-go/pkg/versions/1_0/txnprovider/provider.go:444.17,446.4 1 2
github.com/trustbloc/sidetree-go/pkg/versions/1_0/txnprovider/provider.go:449.2,449.12 1 8
github.com/trustbloc/sidetree-go/pkg/versions/1_0/txnprovider/provider.go:452.92,453.80 1 44
github.com/trustbloc/sidetree-go/pkg/versions/1_0/txnprovider/provider.go:453.80,455.3 1 3
github.com/trustbloc/sidetree-go/pkg/versions/1_0/txnprovider/provider.go:457.2,457.68 1 41
github.com/trustbloc/sidetree-go/pkg/versions/1_0/txnprovider/provider.go:460.79,461.14 1 85
github.com/trustbloc/sidetree-go/pkg/versions/1_0/txnprovider/provider.go:461.14,463.3 1 4
github.com/trustbloc/sidetree-go/pkg/versions/1_0/txnprovider/provider.go:465.2,465.45 1 81
github.com/trustbloc/sidetree-go/pkg/versions/1_0/txnprovider/provider.go:465.45,467.3 1 2
github.com/trustbloc/sidetree-go/pkg/versions/1_0/txnprovider/provider.go:469.2,469.12 1 79
github.com/trustbloc/sidetree-go/pkg/versions/1_0/txnprovider/provider.go:473.117,475.16 2 14
github.com/trustbloc/sidetree-go/pkg/versions/1_0/txnprovider/provider.go:475.16,477.3 1 2
github.com/trustbloc/sidetree-go/pkg/versions/1_0/txnprovider/provider.go:479.2,482.16 3 12
github.com/trustbloc/sidetree-go/pkg/versions/1_0/txnprovider/provider.go:482.16,484.3 1 1
github.com/trustbloc/sidetree-go/pkg/versions/1_0/txnprovider/provider.go:486.2,487.16 2 11
github.com/trustbloc/sidetree-go/pkg/versions/1_0/txnprovider/provider.go:487.16,489.3 1 1
github.com/trustbloc/sidetree-go/pkg/versions/1_0/txnprovider/provider.go:491.2,491.17 1 10
github.com/trustbloc/sidetree-go/pkg/versions/1_0/txnprovider/provider.go:494.84,495.52 1 14
github.com/trustbloc/sidetree-go/pkg/versions/1_0/txnprovider/provider.go:495.52,497.17 2 15
github.com/trustbloc/sidetree-go/pkg/versions/1_0/txnprovider/provider.go:497.17,499.4 1 2
github.com/trustbloc/sidetree-go/pkg/versions/1_0/txnprovider/provider.go:502.2,502.55 1 12
github.com/trustbloc/sidetree-go/pkg/versions/1_0/txnprovider/provider.go:502.55,504.17 2 10
github.com/trustbloc/sidetree-go/pkg/versions/1_0/txnprovider/provider.go:504.17,506.4 1 1
github.com/trustbloc/sidetree-go/pkg/versions/1_0/txnprovider/provider.go:509.2,509.12 1 11
github.com/trustbloc/sidetree-go/pkg/versions/1_0/txnprovider/provider.go:515.131,517.16 2 11
github.com/trustbloc/sidetree-go/pkg/versions/1_0/txnprovider/provider.go:517.16,519.3 1 1
github.com/trustbloc/sidetree-go/pkg/versions/1_0/txnprovider/provider.go:521.2,524.16 3 10
github.com/trustbloc/sidetree-go/pkg/versions/1_0/txnprovider/provider.go:524.16,526.3 1 2
github.com/trustbloc/sidetree-go/pkg/versions/1_0/txnprovider/provider.go:528.2,529.16 2 8
github.com/trustbloc/sidetree-go/pkg/versions/1_0/txnprovider/provider.go:529.16,531.3 1 1
github.com/trustbloc/sidetree-go/pkg/versions/1_0/txnprovider/provider.go:533.2,533.17 1 7
github.com/trustbloc/sidetree-go/pkg/versions/1_0/txnprovider/provider.go:536.98,537.51 1 10
github.com/trustbloc/sidetree-go/pkg/versions/1_0/txnprovider/provider.go:537.51,539.17 2 16
github.com/trustbloc/sidetree-go/pkg/versions/1_0/txnprovider/provider.go:539.17,541.4 1 2
github.com/trustbloc/sidetree-go/pkg/versions/1_0/txnprovider/provider.go:544.2,544.12 1 8
github.com/trustbloc/sidetree-go/pkg/versions/1_0/txnprovider/provider.go:550.131,552.16 2 15
github.com/trustbloc/sidetree-go/pkg/versions/1_0/txnprovider/provider.go:552.16,554.3 1 2
github.com/trustbloc/sidetree-go/pkg/versions/1_0/txnprovider/provider.go:556.2,559.16 3 13
github.com/trustbloc/sidetree-go/pkg/versions/1_0/txnprovider/provider.go:559.16,561.3 1 1
github.com/trustbloc/sidetree-go/pkg/versions/1_0/txnprovider/provider.go:563.2,564.16 2 12
github.com/trustbloc/sidetree-go/pkg/versions/1_0/txnprovider/provider.go:564.16,566.3 1 1
github.com/trustbloc/sidetree-go/pkg/versions/1_0/txnprovider/provider.go:568.2,568.17 1 11
github.com/trustbloc/sidetree-go/pkg/versions/1_0/txnprovider/provider.go:571.98,574.27 2 20
github.com/trustbloc/sidetree-go/pkg/versions/1_0/txnprovider/provider.go:574.27,576.3 1 16
github.com/trustbloc/sidetree-go/pkg/versions/1_0/txnprovider/provider.go:578.2,578.56 1 20
github.com/trustbloc/sidetree-go/pkg/versions/1_0/txnprovider/provider.go:578.56,580.3 1 2
github.com/trustbloc/sidetree-go/pkg/versions/1_0/txnprovider/provider.go:582.2,582.60 1 18
github.com/trustbloc/sidetree-go/pkg/versions/1_0/txnprovider/provider.go:582.60,584.3 1 1
github.com/trustbloc/sidetree-go/pkg/versions/1_0/txnprovider/provider.go:586.2,587.16 2 17
github.com/trustbloc/sidetree-go/pkg/versions/1_0/txnprovider/provider.go:587.16,589.3 1 2
github.com/trustbloc/sidetree-go/pkg/versions/1_0/txnprovider/provider.go:591.2,591.61 1 15
github.com/trustbloc/sidetree-go/pkg/versions/1_0/txnprovider/provider.go:594.107,595.67 1 17
github.com/trustbloc/sidetree-go/pkg/versions/1_0/txnprovider/provider.go:595.67,597.3 1 1
github.com/trustbloc/sidetree-go/pkg/versions/1_0/txnprovider/provider.go:599.2,599.25 1 16
github.com/trustbloc/sidetree-go/pkg/versions/1_0/txnprovider/provider.go:599.25,600.67 1 14
github.com/trustbloc/sidetree-go/pkg/versions/1_0/txnprovider/provider.go:600.67,602.4 1 1
github.com/trustbloc/sidetree-go/pkg/versions/1_0/txnprovider/provider.go:605.2,605.12 1 15
github.com/trustbloc/sidetree-go/pkg/versions/1_0/txnprovider/provider.go:608.105,609.16 1 15
github.com/trustbloc/sidetree-go/pkg/versions/1_0/txnprovider/provider.go:609.16,611.3 1 4
github.com/trustbloc/sidetree-go/pkg/versions/1_0/txnprovider/provider.go:613.2,613.32 1 11
github.com/trustbloc/sidetree-go/pkg/versions/1_0/txnprovider/provider.go:613.32,615.17 2 18
github.com/trustbloc/sidetree-go/pkg/versions/1_0/txnprovider/provider.go:615.17,617.4 1 2
github.com/trustbloc/sidetree-go/pkg/versions/1_0/txnprovider/provider.go:620.2,620.12 1 9
github.com/trustbloc/sidetree-go/pkg/versions/1_0/txnprovider/provider.go:624.109,626.16 2 13
github.com/trustbloc/sidetree-go/pkg/versions/1_0/txnprovider/provider.go:626.16,628.3 1 3
github.com/trustbloc/sidetree-go/pkg/versions/1_0/txnprovider/provider.go:630.2,633.16 3 10
github.com/trustbloc/sidetree-go/pkg/versions/1_0/txnprovider/provider.go:633.16,635.3 1 1
github.com/trustbloc/sidetree-go/pkg/versions/1_0/txnprovider/provider.go:637.2,638.16 2 9
github.com/trustbloc/sidetree-go/pkg/versions/1_0/txnprovider/provider.go:638.16,640.3 1 2
github.com/trustbloc/sidetree-go/pkg/versions/1_0/txnprovider/provider.go:642.2,642.16 1 7
github.com/trustbloc/sidetree-go/pkg/versions/1_0/txnprovider/provider.go:645.75,646.34 1 11
github.com/trustbloc/sidetree-go/pkg/versions/1_0/txnprovider/provider.go:646.34,648.17 2 28
github.com/trustbloc/sidetree-go/pkg/versions/1_0/txnprovider/provider.go:648.17,650.4 1 3
github.com/trustbloc/sidetree-go/pkg/versions/1_0/txnprovider/provider.go:653.2,653.12 1 8
github.com/trustbloc/sidetree-go/pkg/versions/1_0/txnprovider/provider.go:656.111,658.16 2 72
github.com/trustbloc/sidetree-go/pkg/versions/1_0/txnprovider/provider.go:658.16,659.33 1 4
github.com/trustbloc/sidetree-go/pkg/versions/1_0/txnprovider/provider.go:659.33,661.4 1 2
github.com/trustbloc/sidetree-go/pkg/versions/1_0/txnprovider/provider.go:663.3,667.15 3 2
github.com/trustbloc/sidetree-go/pkg/versions/1_0/txnprovider/provider.go:667.15,672.4 2 2
github.com/trustbloc/sidetree-go/pkg/versions/1_0/txnprovider/provider.go:674.3,677.12 2 0
github.com/trustbloc/sidetree-go/pkg/versions/1_0/txnprovider/provider.go:680.2,680.31 1 68
github.com/trustbloc/sidetree-go/pkg/versions/1_0/txnprovider/provider.go:680.31,682.3 1 9
github.com/trustbloc/sidetree-go/pkg/versions/1_0/txnprovider/provider.go:684.2,685.16 2 59
github.com/trustbloc/sidetree-go/pkg/versions/1_0/txnprovider/provider.go:685.16,687.3 1 1
github.com/trustbloc/sidetree-go/pkg/versions/1_0/txnprovider/provider.go:689.2,690.45 2 58
github.com/trustbloc/sidetree-go/pkg/versions/1_0/txnprovider/provider.go:690.45,693.3 1 1
github.com/trustbloc/sidetree-go/pkg/versions/1_0/txnprovider/provider.go:695.2,695.21 1 57
github.com/trustbloc/sidetree-go/pkg/versions/1_0/txnprovider/provider.go:706.126,707.27 1 11
github.com/trustbloc/sidetree-go/pkg/versions/1_0/txnprovider/provider.go:707.27,710.3 1 1
github.com/trustbloc/sidetree-go/pkg/versions/1_0/txnprovider/provider.go:712.2,717.43 4 10
github.com/trustbloc/sidetree-go/pkg/versions/1_0/txnprovider/provider.go:717.43,719.17 2 11
github.com/trustbloc/sidetree-go/pkg/versions/1_0/txnprovider/provider.go:719.17,721.4 1 0
github.com/trustbloc/sidetree-go/pkg/versions/1_0/txnprovider/provider.go:723.3,731.40 3 11
github.com/trustbloc/sidetree-go/pkg/versions/1_0/txnprovider/provider.go:734.2,735.44 2 10
github.com/trustbloc/sidetree-go/pkg/versions/1_0/txnprovider/provider.go:735.44,744.3 3 8
github.com/trustbloc/sidetree-go/pkg/versions/1_0/txnprovider/provider.go:746.2,747.47 2 10
github.com/trustbloc/sidetree-go/pkg/versions/1_0/txnprovider/provider.go:747.47,756.3 3 12
github.com/trustbloc/sidetree-go/pkg/versions/1_0/txnprovider/provider.go:758.2,759.16 2 10
github.com/trustbloc/sidetree-go/pkg/versions/1_0/txnprovider/provider.go:759.16,761.3 1 1
github.com/trustbloc/sidetree-go/pkg/versions/1_0/txnprovider/provider.go:763.2,768.8 1 9
github.com/trustbloc/sidetree-go/pkg/versions/1_0/txnprovider/provider.go:777.95,778.27 1 9
github.com/trustbloc/sidetree-go/pkg/versions/1_0/txnprovider/provider.go:778.27,780.3 1 2
github.com/trustbloc/sidetree-go/pkg/versions/1_0/txnprovider/provider.go:782.2,785.43 3 7
github.com/trustbloc/sidetree-go/pkg/versions/1_0/txnprovider/provider.go:785.43,794.3 3 12
github.com/trustbloc/sidetree-go/pkg/versions/1_0/txnprovider/provider.go:796.2,796.70 1 7
github.com/trustbloc/sidetree-go/pkg/versions/1_0/txnprovider/provider.go:799.59,800.48 1 70
github.com/trustbloc/sidetree-go/pkg/versions/1_0/txnprovider/provider.go:800.48,802.3 1 4
github.com/trustbloc/sidetree-go/pkg/versions/1_0/txnprovider/provider.go:804.2,804.12 1 66
github.com/trustbloc/sidetree-go/pkg/versions/1_0/txnprovider/provider.go:809.106,810.33 1 2
github.com/trustbloc/sidetree-go/pkg/versions/1_0/txnprovider/provider.go:810.33,812.17 2 4
github.com/trustbloc/sidetree-go/pkg/versions/1_0/txnprovider/provider.go:812.17,816.12 2 2
github.com/trustbloc/sidetree-go/pkg/versions/1_0/txnprovider/provider.go:819.3,820.17 2 2
github.com/trustbloc/sidetree-go/pkg/versions/1_0/txnprovider/provider.go:820.17,824.4 2 0
github.com/trustbloc/sidetree-go/pkg/versions/1_0/txnprovider/provider.go:826.3,826.127 1 2
github.com/trustbloc/sidetree-go/pkg/versions/1_0/txnprovider/provider.go:829.2,829.77 1 2
github.com/trustbloc/sidetree-go/pkg/versions/1_0/txnprovider/models/chunk.go:23.56,31.2 5 2
github.com/trustbloc/sidetree-go/pkg/versions/1_0/txnprovider/models/chunk.go:34.57,37.16 3 1
github.com/trustbloc/sidetree-go/pkg/versions/1_0/txnprovider/models/chunk.go:37.16,39.3 1 0
github.com/trustbloc/sidetree-go/pkg/versions/1_0/txnprovider/models/chunk.go:41.2,41.18 1 1
github.com/trustbloc/sidetree-go/pkg/versions/1_0/txnprovider/models/chunk.go:44.60,46.25 2 6
github.com/trustbloc/sidetree-go/pkg/versions/1_0/txnprovider/models/chunk.go:46.25,48.3 1 20
github.com/trustbloc/sidetree-go/pkg/versions/1_0/txnprovider/models/chunk.go:50.2,50.15 1 6
github.com/trustbloc/sidetree-go/pkg/versions/1_0/txnprovider/models/common.go:22.39,24.2 1 0
github.com/trustbloc/sidetree-go/pkg/versions/1_0/txnprovider/models/common.go:35.74,37.25 2 9
github.com/trustbloc/sidetree-go/pkg/versions/1_0/txnprovider/models/common.go:37.25,44.3 2 17
github.com/trustbloc/sidetree-go/pkg/versions/1_0/txnprovider/models/common.go:46.2,46.15 1 9
github.com/trustbloc/sidetree-go/pkg/versions/1_0/txnprovider/models/common.go:49.53,51.25 2 6
github.com/trustbloc/sidetree-go/pkg/versions/1_0/txnprovider/models/common.go:51.25,53.3 1 12
github.com/trustbloc/sidetree-go/pkg/versions/1_0/txnprovider/models/common.go:55.2,55.15 1 6
github.com/trustbloc/sidetree-go/pkg/versions/1_0/txnprovider/models/coreindex.go:43.106,46.62 2 4
github.com/trustbloc/sidetree-go/pkg/versions/1_0/txnprovider/models/coreindex.go:46.62,52.3 4 3
github.com/trustbloc/sidetree-go/pkg/versions/1_0/txnprovider/models/coreindex.go:54.2,58.3 1 4
github.com/trustbloc/sidetree-go/pkg/versions/1_0/txnprovider/models/coreindex.go:61.79,63.31 2 3
github.com/trustbloc/sidetree-go/pkg/versions/1_0/txnprovider/models/coreindex.go:63.31,66.3 2 7
github.com/trustbloc/sidetree-go/pkg/versions/1_0/txnprovider/models/coreindex.go:68.2,68.15 1 3
github.com/trustbloc/sidetree-go/pkg/versions/1_0/txnprovider/models/coreindex.go:72.65,75.16 3 1
github.com/trustbloc/sidetree-go/pkg/versions/1_0/txnprovider/models/coreindex.go:75.16,77.3 1 0
github.com/trustbloc/sidetree-go/pkg/versions/1_0/txnprovider/models/coreindex.go:79.2,79.18 1 1
github.com/trustbloc/sidetree-go/pkg/versions/1_0/txnprovider/models/coreproof.go:35.87,42.2 1 2
github.com/trustbloc/sidetree-go/pkg/versions/1_0/txnprovider/models/coreproof.go:45.65,48.16 3 2
github.com/trustbloc/sidetree-go/pkg/versions/1_0/txnprovider/models/coreproof.go:48.16,50.3 1 1
github.com/trustbloc/sidetree-go/pkg/versions/1_0/txnprovider/models/coreproof.go:52.2,52.18 1 1
github.com/trustbloc/sidetree-go/pkg/versions/1_0/txnprovider/models/provisionalindex.go:40.133,42.24 2 4
github.com/trustbloc/sidetree-go/pkg/versions/1_0/txnprovider/models/provisionalindex.go:42.24,46.3 2 3
github.com/trustbloc/sidetree-go/pkg/versions/1_0/txnprovider/models/provisionalindex.go:48.2,52.3 1 4
github.com/trustbloc/sidetree-go/pkg/versions/1_0/txnprovider/models/provisionalindex.go:56.79,59.16 3 1
github.com/trustbloc/sidetree-go/pkg/versions/1_0/txnprovider/models/provisionalindex.go:59.16,61.3 1 0
github.com/trustbloc/sidetree-go/pkg/versions/1_0/txnprovider/models/provisionalindex.go:63.2,63.18 1 1
github.com/trustbloc/sidetree-go/pkg/versions/1_0/txnprovider/models/provisionalindex.go:66.39,68.27 2 4
github.com/trustbloc/sidetree-go/pkg/versions/1_0/txnprovider/models/provisionalindex.go:68.27,72.3 1 4
github.com/trustbloc/sidetree-go/pkg/versions/1_0/txnprovider/models/provisionalindex.go:74.2,74.15 1 4
github.com/trustbloc/sidetree-go/pkg/versions/1_0/txnprovider/models/provisionalproof.go:32.85,38.2 1 2
github.com/trustbloc/sidetree-go/pkg/versions/1_0/txnprovider/models/provisionalproof.go:41.79,44.16 3 2
github.com/trustbloc/sidetree-go/pkg/versions/1_0/txnprovider/models/provisionalproof.go:44.16,46.3 1 1
github.com/trustbloc/sidetree-go/pkg/versions/1_0/txnprovider/models/provisionalproof.go:48.2,48.18 1 1
